2020-03-24 11:55:22.0819 [main] INFO  com.Application-[Line:87]>Starting Application on zjw with PID 5332 (E:\Dal\server\GiftCodeServer\target\classes started by Administrator in E:\Dal\server\GiftCodeServer)
2020-03-24 11:55:22.0839 [main] INFO  com.Application-[Line:87]>No active profile set, falling back to default profiles: default
2020-03-24 11:55:22.0928 [main] INFO  o.s.b.w.s.c.AnnotationConfigServletWebServerApplicationContext-[Line:87]>Refreshing org.springframework.boot.web.servlet.context.AnnotationConfigServletWebServerApplicationContext@1c852c0f: startup date [Tue Mar 24 11:55:22 CST 2020]; root of context hierarchy
2020-03-24 11:55:26.0781 [main] INFO  o.s.c.s.PostProcessorRegistrationDelegate$BeanPostProcessorChecker-[Line:87]>Bean 'org.springframework.transaction.annotation.ProxyTransactionManagementConfiguration' of type [org.springframework.transaction.annotation.ProxyTransactionManagementConfiguration$$EnhancerBySpringCGLIB$$ffa1c178] is not eligible for getting processed by all BeanPostProcessors (for example: not eligible for auto-proxying)
2020-03-24 11:55:26.0996 [main] INFO  o.s.c.s.PostProcessorRegistrationDelegate$BeanPostProcessorChecker-[Line:87]>Bean 'org.springframework.cache.annotation.ProxyCachingConfiguration' of type [org.springframework.cache.annotation.ProxyCachingConfiguration$$EnhancerBySpringCGLIB$$48b3f796] is not eligible for getting processed by all BeanPostProcessors (for example: not eligible for auto-proxying)
2020-03-24 11:55:27.0827 [main] INFO  o.s.b.w.e.tomcat.TomcatWebServer-[Line:87]>Tomcat initialized with port(s): 9898 (http)
2020-03-24 11:55:27.0906 [main] INFO  o.a.coyote.http11.Http11NioProtocol-[Line:180]>Initializing ProtocolHandler ["http-nio-9898"]
2020-03-24 11:55:27.0919 [main] INFO  o.a.catalina.core.StandardService-[Line:180]>Starting service [Tomcat]
2020-03-24 11:55:27.0920 [main] INFO  o.a.catalina.core.StandardEngine-[Line:180]>Starting Servlet Engine: Apache Tomcat/8.5.31
2020-03-24 11:55:27.0942 [localhost-startStop-1] INFO  o.a.c.core.AprLifecycleListener-[Line:180]>The APR based Apache Tomcat Native library which allows optimal performance in production environments was not found on the java.library.path: [C:\Program Files\Java\jdk1.8.0_25\bin;C:\Windows\Sun\Java\bin;C:\Windows\system32;C:\Windows;C:\Program Files\Java\jdk1.8.0_25\jre\bin;C:/Program Files/Java/jre1.8.0_25/bin/server;C:/Program Files/Java/jre1.8.0_25/bin;C:/Program Files/Java/jre1.8.0_25/lib/amd64;C:\ProgramData\Oracle\Java\javapath;C:\Windows\system32;C:\Windows;C:\Windows\System32\Wbem;C:\Windows\System32\WindowsPowerShell\v1.0\;C:\Program Files\TortoiseSVN\bin;C:\Program Files\Java\jdk1.8.0_25\bin;E:\mysql\mysql-5.7.10-winx64\bin;E:\Apache\apache-maven-3.6.3\bin\;E:\eclipse\eclipse;;.]
2020-03-24 11:55:28.0074 [localhost-startStop-1] INFO  o.a.c.c.C.[Tomcat].[localhost].[/]-[Line:180]>Initializing Spring embedded WebApplicationContext
2020-03-24 11:55:28.0074 [localhost-startStop-1] INFO  o.s.web.context.ContextLoader-[Line:87]>Root WebApplicationContext: initialization completed in 5146 ms
2020-03-24 11:55:28.0283 [localhost-startStop-1] INFO  o.s.b.w.s.ServletRegistrationBean-[Line:87]>Servlet dispatcherServlet mapped to [/]
2020-03-24 11:55:28.0285 [localhost-startStop-1] INFO  o.s.b.w.s.ServletRegistrationBean-[Line:87]>Servlet statViewServlet mapped to [/druid/*]
2020-03-24 11:55:28.0289 [localhost-startStop-1] INFO  o.s.b.w.s.FilterRegistrationBean-[Line:87]>Mapping filter: 'characterEncodingFilter' to: [/*]
2020-03-24 11:55:28.0290 [localhost-startStop-1] INFO  o.s.b.w.s.FilterRegistrationBean-[Line:87]>Mapping filter: 'hiddenHttpMethodFilter' to: [/*]
2020-03-24 11:55:28.0290 [localhost-startStop-1] INFO  o.s.b.w.s.FilterRegistrationBean-[Line:87]>Mapping filter: 'httpPutFormContentFilter' to: [/*]
2020-03-24 11:55:28.0290 [localhost-startStop-1] INFO  o.s.b.w.s.FilterRegistrationBean-[Line:87]>Mapping filter: 'requestContextFilter' to: [/*]
2020-03-24 11:55:28.0291 [localhost-startStop-1] INFO  o.s.b.w.s.FilterRegistrationBean-[Line:87]>Mapping filter: 'webStatFilter' to urls: [/*]
2020-03-24 11:55:28.0360 [main] INFO  c.a.d.s.b.a.DruidDataSourceAutoConfigure-[Line:56]>Init DruidDataSource
2020-03-24 11:55:28.0556 [main] INFO  c.alibaba.druid.pool.DruidDataSource-[Line:928]>{dataSource-1} inited
2020-03-24 11:55:29.0141 [main] INFO  o.s.o.j.LocalContainerEntityManagerFactoryBean-[Line:87]>Building JPA container EntityManagerFactory for persistence unit 'default'
2020-03-24 11:55:29.0164 [main] INFO  o.h.jpa.internal.util.LogHelper-[Line:31]>HHH000204: Processing PersistenceUnitInfo [
	name: default
	...]
2020-03-24 11:55:29.0330 [main] INFO  org.hibernate.Version-[Line:45]>HHH000412: Hibernate Core {5.2.17.Final}
2020-03-24 11:55:29.0333 [main] INFO  org.hibernate.cfg.Environment-[Line:213]>HHH000206: hibernate.properties not found
2020-03-24 11:55:29.0514 [main] INFO  o.h.annotations.common.Version-[Line:66]>HCANN000001: Hibernate Commons Annotations {5.0.1.Final}
2020-03-24 11:55:29.0772 [main] INFO  org.hibernate.dialect.Dialect-[Line:157]>HHH000400: Using dialect: org.hibernate.dialect.MySQL5Dialect
2020-03-24 11:55:30.0068 [main] WARN  org.hibernate.mapping.RootClass-[Line:285]>HHH000038: Composite-id class does not override equals(): com.enity.chinese.ChineseUse
2020-03-24 11:55:30.0068 [main] WARN  org.hibernate.mapping.RootClass-[Line:288]>HHH000039: Composite-id class does not override hashCode(): com.enity.chinese.ChineseUse
2020-03-24 11:55:30.0069 [main] WARN  org.hibernate.mapping.RootClass-[Line:285]>HHH000038: Composite-id class does not override equals(): com.enity.forever.ForeverUse
2020-03-24 11:55:30.0069 [main] WARN  org.hibernate.mapping.RootClass-[Line:288]>HHH000039: Composite-id class does not override hashCode(): com.enity.forever.ForeverUse
2020-03-24 11:55:31.0070 [main] INFO  o.s.o.j.LocalContainerEntityManagerFactoryBean-[Line:87]>Initialized JPA EntityManagerFactory for persistence unit 'default'
2020-03-24 11:55:32.0590 [main] WARN  o.s.b.a.o.j.JpaBaseConfiguration$JpaWebConfiguration$JpaWebMvcConfiguration-[Line:87]>spring.jpa.open-in-view is enabled by default. Therefore, database queries may be performed during view rendering. Explicitly configure spring.jpa.open-in-view to disable this warning
2020-03-24 11:55:32.0721 [main] INFO  o.s.w.s.m.m.a.RequestMappingHandlerMapping-[Line:87]>Mapped "{[/create/chinese/query],methods=[POST || GET]}" onto public java.lang.String com.controller.ChineseCodeController.findPackage(javax.servlet.http.HttpServletRequest)
2020-03-24 11:55:32.0723 [main] INFO  o.s.w.s.m.m.a.RequestMappingHandlerMapping-[Line:87]>Mapped "{[/create/chinese/use/query],methods=[POST || GET]}" onto public java.lang.String com.controller.ChineseCodeController.findChineseCodeUse(javax.servlet.http.HttpServletRequest)
2020-03-24 11:55:32.0724 [main] INFO  o.s.w.s.m.m.a.RequestMappingHandlerMapping-[Line:87]>Mapped "{[/create/chinese/code],methods=[POST || GET]}" onto public java.lang.String com.controller.ChineseCodeController.createInvitation(javax.servlet.http.HttpServletRequest)
2020-03-24 11:55:32.0725 [main] INFO  o.s.w.s.m.m.a.RequestMappingHandlerMapping-[Line:87]>Mapped "{[/dal/closeGame],methods=[GET]}" onto public void com.controller.CloseServerController.getServerInfo(javax.servlet.http.HttpServletRequest,javax.servlet.http.HttpServletResponse) throws org.apache.http.client.ClientProtocolException,java.io.IOException
2020-03-24 11:55:32.0725 [main] INFO  o.s.w.s.m.m.a.RequestMappingHandlerMapping-[Line:87]>Mapped "{[/count/numOfUses],methods=[POST || GET]}" onto public java.lang.String com.controller.CountCodeController.countBatch(javax.servlet.http.HttpServletRequest)
2020-03-24 11:55:32.0726 [main] INFO  o.s.w.s.m.m.a.RequestMappingHandlerMapping-[Line:87]>Mapped "{[/file/expload],methods=[POST || GET]}" onto public java.lang.String com.controller.DownLoadController.expload(javax.servlet.http.HttpServletRequest,javax.servlet.http.HttpServletResponse) throws java.io.IOException
2020-03-24 11:55:32.0728 [main] INFO  o.s.w.s.m.m.a.RequestMappingHandlerMapping-[Line:87]>Mapped "{[/package/code/create],methods=[POST || GET]}" onto public java.lang.String com.controller.InvitationCodeController.createInvitation(javax.servlet.http.HttpServletRequest)
2020-03-24 11:55:32.0728 [main] INFO  o.s.w.s.m.m.a.RequestMappingHandlerMapping-[Line:87]>Mapped "{[/package/code/query],methods=[POST || GET]}" onto public java.lang.String com.controller.InvitationCodeController.findInvitation(javax.servlet.http.HttpServletRequest)
2020-03-24 11:55:32.0730 [main] INFO  o.s.w.s.m.m.a.RequestMappingHandlerMapping-[Line:87]>Mapped "{[/package/query],methods=[POST || GET]}" onto public java.lang.String com.controller.PackageInfoController.findPackage(javax.servlet.http.HttpServletRequest)
2020-03-24 11:55:32.0730 [main] INFO  o.s.w.s.m.m.a.RequestMappingHandlerMapping-[Line:87]>Mapped "{[/package/create],methods=[POST || GET]}" onto public java.lang.String com.controller.PackageInfoController.createPackage(javax.servlet.http.HttpServletRequest)
2020-03-24 11:55:32.0730 [main] INFO  o.s.w.s.m.m.a.RequestMappingHandlerMapping-[Line:87]>Mapped "{[/package/update],methods=[POST || GET]}" onto public java.lang.String com.controller.PackageInfoController.modifyPackage(javax.servlet.http.HttpServletRequest)
2020-03-24 11:55:32.0731 [main] INFO  o.s.w.s.m.m.a.RequestMappingHandlerMapping-[Line:87]>Mapped "{[/package/find_all],methods=[POST || GET]}" onto public java.lang.String com.controller.PackageInfoController.findAllPackage(javax.servlet.http.HttpServletRequest)
2020-03-24 11:55:32.0731 [main] INFO  o.s.w.s.m.m.a.RequestMappingHandlerMapping-[Line:87]>Mapped "{[/package/delete],methods=[POST || GET]}" onto public java.lang.String com.controller.PackageInfoController.deletePackage(javax.servlet.http.HttpServletRequest)
2020-03-24 11:55:32.0732 [main] INFO  o.s.w.s.m.m.a.RequestMappingHandlerMapping-[Line:87]>Mapped "{[/package/use],methods=[POST || GET]}" onto public java.lang.String com.controller.UseGiftCodeController.useGiftCode(javax.servlet.http.HttpServletRequest) throws java.lang.Throwable
2020-03-24 11:55:32.0734 [main] INFO  o.s.w.s.m.m.a.RequestMappingHandlerMapping-[Line:87]>Mapped "{[/v2/api-docs],methods=[GET]}" onto public org.springframework.http.ResponseEntity<springfox.documentation.spring.web.json.Json> springfox.documentation.swagger2.web.Swagger2Controller.getDocumentation(java.lang.String)
2020-03-24 11:55:32.0738 [main] INFO  o.s.w.s.m.m.a.RequestMappingHandlerMapping-[Line:87]>Mapped "{[/configuration/security]}" onto org.springframework.http.ResponseEntity<springfox.documentation.swagger.web.SecurityConfiguration> springfox.documentation.swagger.web.ApiResourceController.securityConfiguration()
2020-03-24 11:55:32.0739 [main] INFO  o.s.w.s.m.m.a.RequestMappingHandlerMapping-[Line:87]>Mapped "{[/configuration/ui]}" onto org.springframework.http.ResponseEntity<springfox.documentation.swagger.web.UiConfiguration> springfox.documentation.swagger.web.ApiResourceController.uiConfiguration()
2020-03-24 11:55:32.0740 [main] INFO  o.s.w.s.m.m.a.RequestMappingHandlerMapping-[Line:87]>Mapped "{[/swagger-resources]}" onto org.springframework.http.ResponseEntity<java.util.List<springfox.documentation.swagger.web.SwaggerResource>> springfox.documentation.swagger.web.ApiResourceController.swaggerResources()
2020-03-24 11:55:32.0745 [main] INFO  o.s.w.s.m.m.a.RequestMappingHandlerMapping-[Line:87]>Mapped "{[/error]}" onto public org.springframework.http.ResponseEntity<java.util.Map<java.lang.String, java.lang.Object>> org.springframework.boot.autoconfigure.web.servlet.error.BasicErrorController.error(javax.servlet.http.HttpServletRequest)
2020-03-24 11:55:32.0746 [main] INFO  o.s.w.s.m.m.a.RequestMappingHandlerMapping-[Line:87]>Mapped "{[/error],produces=[text/html]}" onto public org.springframework.web.servlet.ModelAndView org.springframework.boot.autoconfigure.web.servlet.error.BasicErrorController.errorHtml(javax.servlet.http.HttpServletRequest,javax.servlet.http.HttpServletResponse)
2020-03-24 11:55:33.0042 [main] INFO  o.s.w.s.h.SimpleUrlHandlerMapping-[Line:87]>Mapped URL path [/**/favicon.ico] onto handler of type [class org.springframework.web.servlet.resource.ResourceHttpRequestHandler]
2020-03-24 11:55:33.0326 [main] INFO  o.s.w.s.m.m.a.RequestMappingHandlerAdapter-[Line:87]>Looking for @ControllerAdvice: org.springframework.boot.web.servlet.context.AnnotationConfigServletWebServerApplicationContext@1c852c0f: startup date [Tue Mar 24 11:55:22 CST 2020]; root of context hierarchy
2020-03-24 11:55:33.0410 [main] INFO  o.s.w.s.h.SimpleUrlHandlerMapping-[Line:87]>Mapped URL path [/webjars/**] onto handler of type [class org.springframework.web.servlet.resource.ResourceHttpRequestHandler]
2020-03-24 11:55:33.0411 [main] INFO  o.s.w.s.h.SimpleUrlHandlerMapping-[Line:87]>Mapped URL path [/**] onto handler of type [class org.springframework.web.servlet.resource.ResourceHttpRequestHandler]
2020-03-24 11:55:34.0079 [main] INFO  o.s.j.e.a.AnnotationMBeanExporter-[Line:87]>Registering beans for JMX exposure on startup
2020-03-24 11:55:34.0081 [main] INFO  o.s.j.e.a.AnnotationMBeanExporter-[Line:87]>Bean with name 'statFilter' has been autodetected for JMX exposure
2020-03-24 11:55:34.0081 [main] INFO  o.s.j.e.a.AnnotationMBeanExporter-[Line:87]>Bean with name 'dataSource' has been autodetected for JMX exposure
2020-03-24 11:55:34.0087 [main] INFO  o.s.j.e.a.AnnotationMBeanExporter-[Line:87]>Located MBean 'dataSource': registering with JMX server as MBean [com.alibaba.druid.spring.boot.autoconfigure:name=dataSource,type=DruidDataSourceWrapper]
2020-03-24 11:55:34.0089 [main] INFO  o.s.j.e.a.AnnotationMBeanExporter-[Line:87]>Located MBean 'statFilter': registering with JMX server as MBean [com.alibaba.druid.filter.stat:name=statFilter,type=StatFilter]
2020-03-24 11:55:34.0098 [main] INFO  s.d.s.w.p.DocumentationPluginsBootstrapper-[Line:80]>Context refreshed
2020-03-24 11:55:34.0119 [main] INFO  s.d.s.w.p.DocumentationPluginsBootstrapper-[Line:83]>Found {0} custom documentation plugin(s)
2020-03-24 11:55:34.0126 [main] INFO  s.d.s.w.s.ApiListingReferenceScanner-[Line:53]>Scanning for api listing references
2020-03-24 11:55:34.0130 [main] INFO  s.d.s.w.ClassOrApiAnnotationResourceGrouping-[Line:100]>Group for method countBatch was count-code-controller
2020-03-24 11:55:34.0132 [main] INFO  s.d.s.w.s.ApiListingReferenceScanner-[Line:72]>Request mapping: countBatch belongs to groups: [[ResourceGroup{groupName='count-code-controller', position=0, controller=com.controller.CountCodeController}]] 
2020-03-24 11:55:34.0133 [main] INFO  s.d.s.w.ClassOrApiAnnotationResourceGrouping-[Line:100]>Group for method createInvitation was chinese-code-controller
2020-03-24 11:55:34.0134 [main] INFO  s.d.s.w.s.ApiListingReferenceScanner-[Line:72]>Request mapping: createInvitation belongs to groups: [[ResourceGroup{groupName='chinese-code-controller', position=0, controller=com.controller.ChineseCodeController}]] 
2020-03-24 11:55:34.0134 [main] INFO  s.d.s.w.ClassOrApiAnnotationResourceGrouping-[Line:100]>Group for method findPackage was chinese-code-controller
2020-03-24 11:55:34.0134 [main] INFO  s.d.s.w.s.ApiListingReferenceScanner-[Line:72]>Request mapping: findPackage belongs to groups: [[ResourceGroup{groupName='chinese-code-controller', position=0, controller=com.controller.ChineseCodeController}]] 
2020-03-24 11:55:34.0134 [main] INFO  s.d.s.w.ClassOrApiAnnotationResourceGrouping-[Line:100]>Group for method findChineseCodeUse was chinese-code-controller
2020-03-24 11:55:34.0134 [main] INFO  s.d.s.w.s.ApiListingReferenceScanner-[Line:72]>Request mapping: findChineseCodeUse belongs to groups: [[ResourceGroup{groupName='chinese-code-controller', position=0, controller=com.controller.ChineseCodeController}]] 
2020-03-24 11:55:34.0135 [main] INFO  s.d.s.w.ClassOrApiAnnotationResourceGrouping-[Line:100]>Group for method expload was down-load-controller
2020-03-24 11:55:34.0135 [main] INFO  s.d.s.w.s.ApiListingReferenceScanner-[Line:72]>Request mapping: expload belongs to groups: [[ResourceGroup{groupName='down-load-controller', position=0, controller=com.controller.DownLoadController}]] 
2020-03-24 11:55:34.0135 [main] INFO  s.d.s.w.ClassOrApiAnnotationResourceGrouping-[Line:100]>Group for method createInvitation was invitation-code-controller
2020-03-24 11:55:34.0135 [main] INFO  s.d.s.w.s.ApiListingReferenceScanner-[Line:72]>Request mapping: createInvitation belongs to groups: [[ResourceGroup{groupName='invitation-code-controller', position=0, controller=com.controller.InvitationCodeController}]] 
2020-03-24 11:55:34.0136 [main] INFO  s.d.s.w.ClassOrApiAnnotationResourceGrouping-[Line:100]>Group for method findInvitation was invitation-code-controller
2020-03-24 11:55:34.0136 [main] INFO  s.d.s.w.s.ApiListingReferenceScanner-[Line:72]>Request mapping: findInvitation belongs to groups: [[ResourceGroup{groupName='invitation-code-controller', position=0, controller=com.controller.InvitationCodeController}]] 
2020-03-24 11:55:34.0136 [main] INFO  s.d.s.w.ClassOrApiAnnotationResourceGrouping-[Line:100]>Group for method createPackage was package-info-controller
2020-03-24 11:55:34.0136 [main] INFO  s.d.s.w.s.ApiListingReferenceScanner-[Line:72]>Request mapping: createPackage belongs to groups: [[ResourceGroup{groupName='package-info-controller', position=0, controller=com.controller.PackageInfoController}]] 
2020-03-24 11:55:34.0136 [main] INFO  s.d.s.w.ClassOrApiAnnotationResourceGrouping-[Line:100]>Group for method deletePackage was package-info-controller
2020-03-24 11:55:34.0137 [main] INFO  s.d.s.w.s.ApiListingReferenceScanner-[Line:72]>Request mapping: deletePackage belongs to groups: [[ResourceGroup{groupName='package-info-controller', position=0, controller=com.controller.PackageInfoController}]] 
2020-03-24 11:55:34.0137 [main] INFO  s.d.s.w.ClassOrApiAnnotationResourceGrouping-[Line:100]>Group for method findAllPackage was package-info-controller
2020-03-24 11:55:34.0137 [main] INFO  s.d.s.w.s.ApiListingReferenceScanner-[Line:72]>Request mapping: findAllPackage belongs to groups: [[ResourceGroup{groupName='package-info-controller', position=0, controller=com.controller.PackageInfoController}]] 
2020-03-24 11:55:34.0137 [main] INFO  s.d.s.w.ClassOrApiAnnotationResourceGrouping-[Line:100]>Group for method findPackage was package-info-controller
2020-03-24 11:55:34.0137 [main] INFO  s.d.s.w.s.ApiListingReferenceScanner-[Line:72]>Request mapping: findPackage belongs to groups: [[ResourceGroup{groupName='package-info-controller', position=0, controller=com.controller.PackageInfoController}]] 
2020-03-24 11:55:34.0137 [main] INFO  s.d.s.w.ClassOrApiAnnotationResourceGrouping-[Line:100]>Group for method modifyPackage was package-info-controller
2020-03-24 11:55:34.0138 [main] INFO  s.d.s.w.s.ApiListingReferenceScanner-[Line:72]>Request mapping: modifyPackage belongs to groups: [[ResourceGroup{groupName='package-info-controller', position=0, controller=com.controller.PackageInfoController}]] 
2020-03-24 11:55:34.0138 [main] INFO  s.d.s.w.ClassOrApiAnnotationResourceGrouping-[Line:100]>Group for method useGiftCode was use-gift-code-controller
2020-03-24 11:55:34.0138 [main] INFO  s.d.s.w.s.ApiListingReferenceScanner-[Line:72]>Request mapping: useGiftCode belongs to groups: [[ResourceGroup{groupName='use-gift-code-controller', position=0, controller=com.controller.UseGiftCodeController}]] 
2020-03-24 11:55:34.0141 [main] INFO  s.d.s.w.s.ApiListingReferenceScanner-[Line:84]>Created resource listing Path: /default/use-gift-code-controller Description: use-gift-code-controller Position: 0
2020-03-24 11:55:34.0143 [main] INFO  s.d.s.w.s.ApiListingReferenceScanner-[Line:84]>Created resource listing Path: /default/count-code-controller Description: count-code-controller Position: 0
2020-03-24 11:55:34.0144 [main] INFO  s.d.s.w.s.ApiListingReferenceScanner-[Line:84]>Created resource listing Path: /default/invitation-code-controller Description: invitation-code-controller Position: 0
2020-03-24 11:55:34.0144 [main] INFO  s.d.s.w.s.ApiListingReferenceScanner-[Line:84]>Created resource listing Path: /default/down-load-controller Description: down-load-controller Position: 0
2020-03-24 11:55:34.0145 [main] INFO  s.d.s.w.s.ApiListingReferenceScanner-[Line:84]>Created resource listing Path: /default/chinese-code-controller Description: chinese-code-controller Position: 0
2020-03-24 11:55:34.0145 [main] INFO  s.d.s.w.s.ApiListingReferenceScanner-[Line:84]>Created resource listing Path: /default/package-info-controller Description: package-info-controller Position: 0
2020-03-24 11:55:34.0164 [main] INFO  s.d.schema.ModelContextKeyGenerator-[Line:46]>Cache Key Generated: java.lang.String(true)
2020-03-24 11:55:34.0165 [main] INFO  s.d.spring.web.caching.CachingAspect-[Line:79]>Caching aspect applied for cache models with key java.lang.String(true)
2020-03-24 11:55:34.0172 [main] INFO  s.d.schema.ModelContextKeyGenerator-[Line:46]>Cache Key Generated: java.lang.String(true)
2020-03-24 11:55:34.0173 [main] INFO  s.d.spring.web.caching.CachingAspect-[Line:79]>Caching aspect applied for cache modelDependencies with key java.lang.String(true)
2020-03-24 11:55:34.0181 [main] INFO  s.d.s.web.OperationsKeyGenerator-[Line:51]>Cache key generated: /create/chinese/code.com.controller.ChineseCodeController.createInvitation.DefaultGenericTypeNamingStrategy
2020-03-24 11:55:34.0181 [main] INFO  s.d.spring.web.caching.CachingAspect-[Line:68]>Caching aspect applied for cache operations with key /create/chinese/code.com.controller.ChineseCodeController.createInvitation.DefaultGenericTypeNamingStrategy
2020-03-24 11:55:34.0193 [main] INFO  s.d.s.w.ClassOrApiAnnotationResourceGrouping-[Line:100]>Group for method createInvitation was chinese-code-controller
2020-03-24 11:55:34.0212 [main] INFO  s.d.s.w.ClassOrApiAnnotationResourceGrouping-[Line:100]>Group for method createInvitation was chinese-code-controller
2020-03-24 11:55:34.0217 [main] INFO  s.d.s.w.ClassOrApiAnnotationResourceGrouping-[Line:100]>Group for method createInvitation was chinese-code-controller
2020-03-24 11:55:34.0218 [main] INFO  s.d.s.w.ClassOrApiAnnotationResourceGrouping-[Line:100]>Group for method createInvitation was chinese-code-controller
2020-03-24 11:55:34.0223 [main] INFO  s.d.schema.ModelContextKeyGenerator-[Line:46]>Cache Key Generated: java.lang.String(true)
2020-03-24 11:55:34.0223 [main] INFO  s.d.spring.web.caching.CachingAspect-[Line:79]>Caching aspect applied for cache models with key java.lang.String(true)
2020-03-24 11:55:34.0223 [main] INFO  s.d.schema.ModelContextKeyGenerator-[Line:46]>Cache Key Generated: java.lang.String(true)
2020-03-24 11:55:34.0223 [main] INFO  s.d.spring.web.caching.CachingAspect-[Line:79]>Caching aspect applied for cache modelDependencies with key java.lang.String(true)
2020-03-24 11:55:34.0223 [main] INFO  s.d.s.web.OperationsKeyGenerator-[Line:51]>Cache key generated: /create/chinese/use/query.com.controller.ChineseCodeController.findChineseCodeUse.DefaultGenericTypeNamingStrategy
2020-03-24 11:55:34.0224 [main] INFO  s.d.spring.web.caching.CachingAspect-[Line:68]>Caching aspect applied for cache operations with key /create/chinese/use/query.com.controller.ChineseCodeController.findChineseCodeUse.DefaultGenericTypeNamingStrategy
2020-03-24 11:55:34.0224 [main] INFO  s.d.s.w.ClassOrApiAnnotationResourceGrouping-[Line:100]>Group for method findChineseCodeUse was chinese-code-controller
2020-03-24 11:55:34.0225 [main] INFO  s.d.s.w.ClassOrApiAnnotationResourceGrouping-[Line:100]>Group for method findChineseCodeUse was chinese-code-controller
2020-03-24 11:55:34.0226 [main] INFO  s.d.s.w.ClassOrApiAnnotationResourceGrouping-[Line:100]>Group for method findChineseCodeUse was chinese-code-controller
2020-03-24 11:55:34.0227 [main] INFO  s.d.s.w.ClassOrApiAnnotationResourceGrouping-[Line:100]>Group for method findChineseCodeUse was chinese-code-controller
2020-03-24 11:55:34.0228 [main] INFO  s.d.schema.ModelContextKeyGenerator-[Line:46]>Cache Key Generated: java.lang.String(true)
2020-03-24 11:55:34.0228 [main] INFO  s.d.spring.web.caching.CachingAspect-[Line:79]>Caching aspect applied for cache models with key java.lang.String(true)
2020-03-24 11:55:34.0229 [main] INFO  s.d.schema.ModelContextKeyGenerator-[Line:46]>Cache Key Generated: java.lang.String(true)
2020-03-24 11:55:34.0229 [main] INFO  s.d.spring.web.caching.CachingAspect-[Line:79]>Caching aspect applied for cache modelDependencies with key java.lang.String(true)
2020-03-24 11:55:34.0229 [main] INFO  s.d.s.web.OperationsKeyGenerator-[Line:51]>Cache key generated: /create/chinese/query.com.controller.ChineseCodeController.findPackage.DefaultGenericTypeNamingStrategy
2020-03-24 11:55:34.0229 [main] INFO  s.d.spring.web.caching.CachingAspect-[Line:68]>Caching aspect applied for cache operations with key /create/chinese/query.com.controller.ChineseCodeController.findPackage.DefaultGenericTypeNamingStrategy
2020-03-24 11:55:34.0230 [main] INFO  s.d.s.w.ClassOrApiAnnotationResourceGrouping-[Line:100]>Group for method findPackage was chinese-code-controller
2020-03-24 11:55:34.0230 [main] INFO  s.d.s.w.ClassOrApiAnnotationResourceGrouping-[Line:100]>Group for method findPackage was chinese-code-controller
2020-03-24 11:55:34.0231 [main] INFO  s.d.s.w.ClassOrApiAnnotationResourceGrouping-[Line:100]>Group for method findPackage was chinese-code-controller
2020-03-24 11:55:34.0232 [main] INFO  s.d.s.w.ClassOrApiAnnotationResourceGrouping-[Line:100]>Group for method findPackage was chinese-code-controller
2020-03-24 11:55:34.0237 [main] INFO  s.d.schema.ModelContextKeyGenerator-[Line:46]>Cache Key Generated: java.lang.String(true)
2020-03-24 11:55:34.0237 [main] INFO  s.d.spring.web.caching.CachingAspect-[Line:79]>Caching aspect applied for cache models with key java.lang.String(true)
2020-03-24 11:55:34.0237 [main] INFO  s.d.schema.ModelContextKeyGenerator-[Line:46]>Cache Key Generated: java.lang.String(true)
2020-03-24 11:55:34.0237 [main] INFO  s.d.spring.web.caching.CachingAspect-[Line:79]>Caching aspect applied for cache modelDependencies with key java.lang.String(true)
2020-03-24 11:55:34.0238 [main] INFO  s.d.s.web.OperationsKeyGenerator-[Line:51]>Cache key generated: /count/numOfUses.com.controller.CountCodeController.countBatch.DefaultGenericTypeNamingStrategy
2020-03-24 11:55:34.0238 [main] INFO  s.d.spring.web.caching.CachingAspect-[Line:68]>Caching aspect applied for cache operations with key /count/numOfUses.com.controller.CountCodeController.countBatch.DefaultGenericTypeNamingStrategy
2020-03-24 11:55:34.0238 [main] INFO  s.d.s.w.ClassOrApiAnnotationResourceGrouping-[Line:100]>Group for method countBatch was count-code-controller
2020-03-24 11:55:34.0239 [main] INFO  s.d.s.w.ClassOrApiAnnotationResourceGrouping-[Line:100]>Group for method countBatch was count-code-controller
2020-03-24 11:55:34.0240 [main] INFO  s.d.s.w.ClassOrApiAnnotationResourceGrouping-[Line:100]>Group for method countBatch was count-code-controller
2020-03-24 11:55:34.0240 [main] INFO  s.d.s.w.ClassOrApiAnnotationResourceGrouping-[Line:100]>Group for method countBatch was count-code-controller
2020-03-24 11:55:34.0242 [main] INFO  s.d.schema.ModelContextKeyGenerator-[Line:46]>Cache Key Generated: java.lang.String(true)
2020-03-24 11:55:34.0242 [main] INFO  s.d.spring.web.caching.CachingAspect-[Line:79]>Caching aspect applied for cache models with key java.lang.String(true)
2020-03-24 11:55:34.0243 [main] INFO  s.d.schema.ModelContextKeyGenerator-[Line:46]>Cache Key Generated: java.lang.String(true)
2020-03-24 11:55:34.0243 [main] INFO  s.d.spring.web.caching.CachingAspect-[Line:79]>Caching aspect applied for cache modelDependencies with key java.lang.String(true)
2020-03-24 11:55:34.0243 [main] INFO  s.d.s.web.OperationsKeyGenerator-[Line:51]>Cache key generated: /file/expload.com.controller.DownLoadController.expload.DefaultGenericTypeNamingStrategy
2020-03-24 11:55:34.0243 [main] INFO  s.d.spring.web.caching.CachingAspect-[Line:68]>Caching aspect applied for cache operations with key /file/expload.com.controller.DownLoadController.expload.DefaultGenericTypeNamingStrategy
2020-03-24 11:55:34.0244 [main] INFO  s.d.s.w.ClassOrApiAnnotationResourceGrouping-[Line:100]>Group for method expload was down-load-controller
2020-03-24 11:55:34.0246 [main] INFO  s.d.s.w.ClassOrApiAnnotationResourceGrouping-[Line:100]>Group for method expload was down-load-controller
2020-03-24 11:55:34.0246 [main] INFO  s.d.s.w.ClassOrApiAnnotationResourceGrouping-[Line:100]>Group for method expload was down-load-controller
2020-03-24 11:55:34.0247 [main] INFO  s.d.s.w.ClassOrApiAnnotationResourceGrouping-[Line:100]>Group for method expload was down-load-controller
2020-03-24 11:55:34.0249 [main] INFO  s.d.schema.ModelContextKeyGenerator-[Line:46]>Cache Key Generated: java.lang.String(true)
2020-03-24 11:55:34.0249 [main] INFO  s.d.spring.web.caching.CachingAspect-[Line:79]>Caching aspect applied for cache models with key java.lang.String(true)
2020-03-24 11:55:34.0250 [main] INFO  s.d.schema.ModelContextKeyGenerator-[Line:46]>Cache Key Generated: java.lang.String(true)
2020-03-24 11:55:34.0250 [main] INFO  s.d.spring.web.caching.CachingAspect-[Line:79]>Caching aspect applied for cache modelDependencies with key java.lang.String(true)
2020-03-24 11:55:34.0250 [main] INFO  s.d.s.web.OperationsKeyGenerator-[Line:51]>Cache key generated: /package/code/create.com.controller.InvitationCodeController.createInvitation.DefaultGenericTypeNamingStrategy
2020-03-24 11:55:34.0250 [main] INFO  s.d.spring.web.caching.CachingAspect-[Line:68]>Caching aspect applied for cache operations with key /package/code/create.com.controller.InvitationCodeController.createInvitation.DefaultGenericTypeNamingStrategy
2020-03-24 11:55:34.0251 [main] INFO  s.d.s.w.ClassOrApiAnnotationResourceGrouping-[Line:100]>Group for method createInvitation was invitation-code-controller
2020-03-24 11:55:34.0251 [main] INFO  s.d.s.w.ClassOrApiAnnotationResourceGrouping-[Line:100]>Group for method createInvitation was invitation-code-controller
2020-03-24 11:55:34.0252 [main] INFO  s.d.s.w.r.o.CachingOperationNameGenerator-[Line:40]>Generating unique operation named: createInvitationUsingPOST_1
2020-03-24 11:55:34.0252 [main] INFO  s.d.s.w.ClassOrApiAnnotationResourceGrouping-[Line:100]>Group for method createInvitation was invitation-code-controller
2020-03-24 11:55:34.0253 [main] INFO  s.d.s.w.ClassOrApiAnnotationResourceGrouping-[Line:100]>Group for method createInvitation was invitation-code-controller
2020-03-24 11:55:34.0253 [main] INFO  s.d.s.w.r.o.CachingOperationNameGenerator-[Line:40]>Generating unique operation named: createInvitationUsingGET_1
2020-03-24 11:55:34.0254 [main] INFO  s.d.schema.ModelContextKeyGenerator-[Line:46]>Cache Key Generated: java.lang.String(true)
2020-03-24 11:55:34.0254 [main] INFO  s.d.spring.web.caching.CachingAspect-[Line:79]>Caching aspect applied for cache models with key java.lang.String(true)
2020-03-24 11:55:34.0255 [main] INFO  s.d.schema.ModelContextKeyGenerator-[Line:46]>Cache Key Generated: java.lang.String(true)
2020-03-24 11:55:34.0255 [main] INFO  s.d.spring.web.caching.CachingAspect-[Line:79]>Caching aspect applied for cache modelDependencies with key java.lang.String(true)
2020-03-24 11:55:34.0255 [main] INFO  s.d.s.web.OperationsKeyGenerator-[Line:51]>Cache key generated: /package/code/query.com.controller.InvitationCodeController.findInvitation.DefaultGenericTypeNamingStrategy
2020-03-24 11:55:34.0255 [main] INFO  s.d.spring.web.caching.CachingAspect-[Line:68]>Caching aspect applied for cache operations with key /package/code/query.com.controller.InvitationCodeController.findInvitation.DefaultGenericTypeNamingStrategy
2020-03-24 11:55:34.0256 [main] INFO  s.d.s.w.ClassOrApiAnnotationResourceGrouping-[Line:100]>Group for method findInvitation was invitation-code-controller
2020-03-24 11:55:34.0256 [main] INFO  s.d.s.w.ClassOrApiAnnotationResourceGrouping-[Line:100]>Group for method findInvitation was invitation-code-controller
2020-03-24 11:55:34.0257 [main] INFO  s.d.s.w.ClassOrApiAnnotationResourceGrouping-[Line:100]>Group for method findInvitation was invitation-code-controller
2020-03-24 11:55:34.0257 [main] INFO  s.d.s.w.ClassOrApiAnnotationResourceGrouping-[Line:100]>Group for method findInvitation was invitation-code-controller
2020-03-24 11:55:34.0259 [main] INFO  s.d.schema.ModelContextKeyGenerator-[Line:46]>Cache Key Generated: java.lang.String(true)
2020-03-24 11:55:34.0259 [main] INFO  s.d.spring.web.caching.CachingAspect-[Line:79]>Caching aspect applied for cache models with key java.lang.String(true)
2020-03-24 11:55:34.0260 [main] INFO  s.d.schema.ModelContextKeyGenerator-[Line:46]>Cache Key Generated: java.lang.String(true)
2020-03-24 11:55:34.0260 [main] INFO  s.d.spring.web.caching.CachingAspect-[Line:79]>Caching aspect applied for cache modelDependencies with key java.lang.String(true)
2020-03-24 11:55:34.0262 [main] INFO  s.d.s.web.OperationsKeyGenerator-[Line:51]>Cache key generated: /package/create.com.controller.PackageInfoController.createPackage.DefaultGenericTypeNamingStrategy
2020-03-24 11:55:34.0263 [main] INFO  s.d.spring.web.caching.CachingAspect-[Line:68]>Caching aspect applied for cache operations with key /package/create.com.controller.PackageInfoController.createPackage.DefaultGenericTypeNamingStrategy
2020-03-24 11:55:34.0263 [main] INFO  s.d.s.w.ClassOrApiAnnotationResourceGrouping-[Line:100]>Group for method createPackage was package-info-controller
2020-03-24 11:55:34.0264 [main] INFO  s.d.s.w.ClassOrApiAnnotationResourceGrouping-[Line:100]>Group for method createPackage was package-info-controller
2020-03-24 11:55:34.0265 [main] INFO  s.d.s.w.ClassOrApiAnnotationResourceGrouping-[Line:100]>Group for method createPackage was package-info-controller
2020-03-24 11:55:34.0265 [main] INFO  s.d.s.w.ClassOrApiAnnotationResourceGrouping-[Line:100]>Group for method createPackage was package-info-controller
2020-03-24 11:55:34.0266 [main] INFO  s.d.schema.ModelContextKeyGenerator-[Line:46]>Cache Key Generated: java.lang.String(true)
2020-03-24 11:55:34.0267 [main] INFO  s.d.spring.web.caching.CachingAspect-[Line:79]>Caching aspect applied for cache models with key java.lang.String(true)
2020-03-24 11:55:34.0267 [main] INFO  s.d.schema.ModelContextKeyGenerator-[Line:46]>Cache Key Generated: java.lang.String(true)
2020-03-24 11:55:34.0267 [main] INFO  s.d.spring.web.caching.CachingAspect-[Line:79]>Caching aspect applied for cache modelDependencies with key java.lang.String(true)
2020-03-24 11:55:34.0267 [main] INFO  s.d.s.web.OperationsKeyGenerator-[Line:51]>Cache key generated: /package/delete.com.controller.PackageInfoController.deletePackage.DefaultGenericTypeNamingStrategy
2020-03-24 11:55:34.0267 [main] INFO  s.d.spring.web.caching.CachingAspect-[Line:68]>Caching aspect applied for cache operations with key /package/delete.com.controller.PackageInfoController.deletePackage.DefaultGenericTypeNamingStrategy
2020-03-24 11:55:34.0268 [main] INFO  s.d.s.w.ClassOrApiAnnotationResourceGrouping-[Line:100]>Group for method deletePackage was package-info-controller
2020-03-24 11:55:34.0268 [main] INFO  s.d.s.w.ClassOrApiAnnotationResourceGrouping-[Line:100]>Group for method deletePackage was package-info-controller
2020-03-24 11:55:34.0269 [main] INFO  s.d.s.w.ClassOrApiAnnotationResourceGrouping-[Line:100]>Group for method deletePackage was package-info-controller
2020-03-24 11:55:34.0270 [main] INFO  s.d.s.w.ClassOrApiAnnotationResourceGrouping-[Line:100]>Group for method deletePackage was package-info-controller
2020-03-24 11:55:34.0271 [main] INFO  s.d.schema.ModelContextKeyGenerator-[Line:46]>Cache Key Generated: java.lang.String(true)
2020-03-24 11:55:34.0271 [main] INFO  s.d.spring.web.caching.CachingAspect-[Line:79]>Caching aspect applied for cache models with key java.lang.String(true)
2020-03-24 11:55:34.0271 [main] INFO  s.d.schema.ModelContextKeyGenerator-[Line:46]>Cache Key Generated: java.lang.String(true)
2020-03-24 11:55:34.0271 [main] INFO  s.d.spring.web.caching.CachingAspect-[Line:79]>Caching aspect applied for cache modelDependencies with key java.lang.String(true)
2020-03-24 11:55:34.0271 [main] INFO  s.d.s.web.OperationsKeyGenerator-[Line:51]>Cache key generated: /package/find_all.com.controller.PackageInfoController.findAllPackage.DefaultGenericTypeNamingStrategy
2020-03-24 11:55:34.0272 [main] INFO  s.d.spring.web.caching.CachingAspect-[Line:68]>Caching aspect applied for cache operations with key /package/find_all.com.controller.PackageInfoController.findAllPackage.DefaultGenericTypeNamingStrategy
2020-03-24 11:55:34.0272 [main] INFO  s.d.s.w.ClassOrApiAnnotationResourceGrouping-[Line:100]>Group for method findAllPackage was package-info-controller
2020-03-24 11:55:34.0273 [main] INFO  s.d.s.w.ClassOrApiAnnotationResourceGrouping-[Line:100]>Group for method findAllPackage was package-info-controller
2020-03-24 11:55:34.0273 [main] INFO  s.d.s.w.ClassOrApiAnnotationResourceGrouping-[Line:100]>Group for method findAllPackage was package-info-controller
2020-03-24 11:55:34.0274 [main] INFO  s.d.s.w.ClassOrApiAnnotationResourceGrouping-[Line:100]>Group for method findAllPackage was package-info-controller
2020-03-24 11:55:34.0275 [main] INFO  s.d.schema.ModelContextKeyGenerator-[Line:46]>Cache Key Generated: java.lang.String(true)
2020-03-24 11:55:34.0275 [main] INFO  s.d.spring.web.caching.CachingAspect-[Line:79]>Caching aspect applied for cache models with key java.lang.String(true)
2020-03-24 11:55:34.0275 [main] INFO  s.d.schema.ModelContextKeyGenerator-[Line:46]>Cache Key Generated: java.lang.String(true)
2020-03-24 11:55:34.0275 [main] INFO  s.d.spring.web.caching.CachingAspect-[Line:79]>Caching aspect applied for cache modelDependencies with key java.lang.String(true)
2020-03-24 11:55:34.0276 [main] INFO  s.d.s.web.OperationsKeyGenerator-[Line:51]>Cache key generated: /package/query.com.controller.PackageInfoController.findPackage.DefaultGenericTypeNamingStrategy
2020-03-24 11:55:34.0276 [main] INFO  s.d.spring.web.caching.CachingAspect-[Line:68]>Caching aspect applied for cache operations with key /package/query.com.controller.PackageInfoController.findPackage.DefaultGenericTypeNamingStrategy
2020-03-24 11:55:34.0276 [main] INFO  s.d.s.w.ClassOrApiAnnotationResourceGrouping-[Line:100]>Group for method findPackage was package-info-controller
2020-03-24 11:55:34.0277 [main] INFO  s.d.s.w.ClassOrApiAnnotationResourceGrouping-[Line:100]>Group for method findPackage was package-info-controller
2020-03-24 11:55:34.0277 [main] INFO  s.d.s.w.r.o.CachingOperationNameGenerator-[Line:40]>Generating unique operation named: findPackageUsingPOST_1
2020-03-24 11:55:34.0278 [main] INFO  s.d.s.w.ClassOrApiAnnotationResourceGrouping-[Line:100]>Group for method findPackage was package-info-controller
2020-03-24 11:55:34.0278 [main] INFO  s.d.s.w.ClassOrApiAnnotationResourceGrouping-[Line:100]>Group for method findPackage was package-info-controller
2020-03-24 11:55:34.0279 [main] INFO  s.d.s.w.r.o.CachingOperationNameGenerator-[Line:40]>Generating unique operation named: findPackageUsingGET_1
2020-03-24 11:55:34.0280 [main] INFO  s.d.schema.ModelContextKeyGenerator-[Line:46]>Cache Key Generated: java.lang.String(true)
2020-03-24 11:55:34.0280 [main] INFO  s.d.spring.web.caching.CachingAspect-[Line:79]>Caching aspect applied for cache models with key java.lang.String(true)
2020-03-24 11:55:34.0280 [main] INFO  s.d.schema.ModelContextKeyGenerator-[Line:46]>Cache Key Generated: java.lang.String(true)
2020-03-24 11:55:34.0280 [main] INFO  s.d.spring.web.caching.CachingAspect-[Line:79]>Caching aspect applied for cache modelDependencies with key java.lang.String(true)
2020-03-24 11:55:34.0280 [main] INFO  s.d.s.web.OperationsKeyGenerator-[Line:51]>Cache key generated: /package/update.com.controller.PackageInfoController.modifyPackage.DefaultGenericTypeNamingStrategy
2020-03-24 11:55:34.0281 [main] INFO  s.d.spring.web.caching.CachingAspect-[Line:68]>Caching aspect applied for cache operations with key /package/update.com.controller.PackageInfoController.modifyPackage.DefaultGenericTypeNamingStrategy
2020-03-24 11:55:34.0281 [main] INFO  s.d.s.w.ClassOrApiAnnotationResourceGrouping-[Line:100]>Group for method modifyPackage was package-info-controller
2020-03-24 11:55:34.0282 [main] INFO  s.d.s.w.ClassOrApiAnnotationResourceGrouping-[Line:100]>Group for method modifyPackage was package-info-controller
2020-03-24 11:55:34.0283 [main] INFO  s.d.s.w.ClassOrApiAnnotationResourceGrouping-[Line:100]>Group for method modifyPackage was package-info-controller
2020-03-24 11:55:34.0284 [main] INFO  s.d.s.w.ClassOrApiAnnotationResourceGrouping-[Line:100]>Group for method modifyPackage was package-info-controller
2020-03-24 11:55:34.0285 [main] INFO  s.d.schema.ModelContextKeyGenerator-[Line:46]>Cache Key Generated: java.lang.String(true)
2020-03-24 11:55:34.0286 [main] INFO  s.d.spring.web.caching.CachingAspect-[Line:79]>Caching aspect applied for cache models with key java.lang.String(true)
2020-03-24 11:55:34.0286 [main] INFO  s.d.schema.ModelContextKeyGenerator-[Line:46]>Cache Key Generated: java.lang.String(true)
2020-03-24 11:55:34.0286 [main] INFO  s.d.spring.web.caching.CachingAspect-[Line:79]>Caching aspect applied for cache modelDependencies with key java.lang.String(true)
2020-03-24 11:55:34.0286 [main] INFO  s.d.s.web.OperationsKeyGenerator-[Line:51]>Cache key generated: /package/use.com.controller.UseGiftCodeController.useGiftCode.DefaultGenericTypeNamingStrategy
2020-03-24 11:55:34.0286 [main] INFO  s.d.spring.web.caching.CachingAspect-[Line:68]>Caching aspect applied for cache operations with key /package/use.com.controller.UseGiftCodeController.useGiftCode.DefaultGenericTypeNamingStrategy
2020-03-24 11:55:34.0287 [main] INFO  s.d.s.w.ClassOrApiAnnotationResourceGrouping-[Line:100]>Group for method useGiftCode was use-gift-code-controller
2020-03-24 11:55:34.0288 [main] INFO  s.d.s.w.ClassOrApiAnnotationResourceGrouping-[Line:100]>Group for method useGiftCode was use-gift-code-controller
2020-03-24 11:55:34.0288 [main] INFO  s.d.s.w.ClassOrApiAnnotationResourceGrouping-[Line:100]>Group for method useGiftCode was use-gift-code-controller
2020-03-24 11:55:34.0289 [main] INFO  s.d.s.w.ClassOrApiAnnotationResourceGrouping-[Line:100]>Group for method useGiftCode was use-gift-code-controller
2020-03-24 11:55:34.0303 [main] INFO  o.a.coyote.http11.Http11NioProtocol-[Line:180]>Starting ProtocolHandler ["http-nio-9898"]
2020-03-24 11:55:34.0316 [main] INFO  o.a.tomcat.util.net.NioSelectorPool-[Line:180]>Using a shared selector for servlet write/read
2020-03-24 11:55:34.0372 [main] INFO  o.s.b.w.e.tomcat.TomcatWebServer-[Line:87]>Tomcat started on port(s): 9898 (http) with context path ''
2020-03-24 11:55:34.0375 [main] INFO  com.Application-[Line:87]>Started Application in 12.261 seconds (JVM running for 13.123)
2020-03-24 11:55:34.0429 [main] INFO  o.h.h.i.QueryTranslatorFactoryInitiator-[Line:47]>HHH000397: Using ASTQueryTranslatorFactory
2020-03-24 11:55:34.0767 [main] INFO  com.Application-[Line:24]>server start success,Tue Mar 24 11:55:34 CST 2020
2020-03-24 11:56:08.0049 [http-nio-9898-exec-2] INFO  o.a.c.c.C.[Tomcat].[localhost].[/]-[Line:180]>Initializing Spring FrameworkServlet 'dispatcherServlet'
2020-03-24 11:56:08.0050 [http-nio-9898-exec-2] INFO  o.s.web.servlet.DispatcherServlet-[Line:87]>FrameworkServlet 'dispatcherServlet': initialization started
2020-03-24 11:56:08.0096 [http-nio-9898-exec-2] INFO  o.s.web.servlet.DispatcherServlet-[Line:87]>FrameworkServlet 'dispatcherServlet': initialization completed in 45 ms
2020-03-24 11:56:08.0311 [http-nio-9898-exec-2] ERROR CsvUtils.class-[Line:95]>CsvUtils.writeCsv,写csv文件失败,message:系统找不到指定的路径。
java.io.IOException: 系统找不到指定的路径。
	at java.io.WinNTFileSystem.createFileExclusively(Native Method)
	at java.io.File.createTempFile(File.java:2024)
	at util.CsvUtil.writeCsv(CsvUtil.java:70)
	at com.controller.DownLoadController.expload(DownLoadController.java:96)
	at sun.reflect.NativeMethodAccessorImpl.invoke0(Native Method)
	at sun.reflect.NativeMethodAccessorImpl.invoke(NativeMethodAccessorImpl.java:62)
	at sun.reflect.DelegatingMethodAccessorImpl.invoke(DelegatingMethodAccessorImpl.java:43)
	at java.lang.reflect.Method.invoke(Method.java:483)
	at org.springframework.web.method.support.InvocableHandlerMethod.doInvoke(InvocableHandlerMethod.java:209)
	at org.springframework.web.method.support.InvocableHandlerMethod.invokeForRequest(InvocableHandlerMethod.java:136)
	at org.springframework.web.servlet.mvc.method.annotation.ServletInvocableHandlerMethod.invokeAndHandle(ServletInvocableHandlerMethod.java:102)
	at org.springframework.web.servlet.mvc.method.annotation.RequestMappingHandlerAdapter.invokeHandlerMethod(RequestMappingHandlerAdapter.java:877)
	at org.springframework.web.servlet.mvc.method.annotation.RequestMappingHandlerAdapter.handleInternal(RequestMappingHandlerAdapter.java:783)
	at org.springframework.web.servlet.mvc.method.AbstractHandlerMethodAdapter.handle(AbstractHandlerMethodAdapter.java:87)
	at org.springframework.web.servlet.DispatcherServlet.doDispatch(DispatcherServlet.java:991)
	at org.springframework.web.servlet.DispatcherServlet.doService(DispatcherServlet.java:925)
	at org.springframework.web.servlet.FrameworkServlet.processRequest(FrameworkServlet.java:974)
	at org.springframework.web.servlet.FrameworkServlet.doPost(FrameworkServlet.java:877)
	at javax.servlet.http.HttpServlet.service(HttpServlet.java:707)
	at org.springframework.web.servlet.FrameworkServlet.service(FrameworkServlet.java:851)
	at javax.servlet.http.HttpServlet.service(HttpServlet.java:790)
	at org.apache.catalina.core.ApplicationFilterChain.internalDoFilter(ApplicationFilterChain.java:231)
	at org.apache.catalina.core.ApplicationFilterChain.doFilter(ApplicationFilterChain.java:166)
	at org.apache.tomcat.websocket.server.WsFilter.doFilter(WsFilter.java:52)
	at org.apache.catalina.core.ApplicationFilterChain.internalDoFilter(ApplicationFilterChain.java:193)
	at org.apache.catalina.core.ApplicationFilterChain.doFilter(ApplicationFilterChain.java:166)
	at com.alibaba.druid.support.http.WebStatFilter.doFilter(WebStatFilter.java:123)
	at org.apache.catalina.core.ApplicationFilterChain.internalDoFilter(ApplicationFilterChain.java:193)
	at org.apache.catalina.core.ApplicationFilterChain.doFilter(ApplicationFilterChain.java:166)
	at org.springframework.web.filter.RequestContextFilter.doFilterInternal(RequestContextFilter.java:99)
	at org.springframework.web.filter.OncePerRequestFilter.doFilter(OncePerRequestFilter.java:107)
	at org.apache.catalina.core.ApplicationFilterChain.internalDoFilter(ApplicationFilterChain.java:193)
	at org.apache.catalina.core.ApplicationFilterChain.doFilter(ApplicationFilterChain.java:166)
	at org.springframework.web.filter.HttpPutFormContentFilter.doFilterInternal(HttpPutFormContentFilter.java:109)
	at org.springframework.web.filter.OncePerRequestFilter.doFilter(OncePerRequestFilter.java:107)
	at org.apache.catalina.core.ApplicationFilterChain.internalDoFilter(ApplicationFilterChain.java:193)
	at org.apache.catalina.core.ApplicationFilterChain.doFilter(ApplicationFilterChain.java:166)
	at org.springframework.web.filter.HiddenHttpMethodFilter.doFilterInternal(HiddenHttpMethodFilter.java:81)
	at org.springframework.web.filter.OncePerRequestFilter.doFilter(OncePerRequestFilter.java:107)
	at org.apache.catalina.core.ApplicationFilterChain.internalDoFilter(ApplicationFilterChain.java:193)
	at org.apache.catalina.core.ApplicationFilterChain.doFilter(ApplicationFilterChain.java:166)
	at org.springframework.web.filter.CharacterEncodingFilter.doFilterInternal(CharacterEncodingFilter.java:200)
	at org.springframework.web.filter.OncePerRequestFilter.doFilter(OncePerRequestFilter.java:107)
	at org.apache.catalina.core.ApplicationFilterChain.internalDoFilter(ApplicationFilterChain.java:193)
	at org.apache.catalina.core.ApplicationFilterChain.doFilter(ApplicationFilterChain.java:166)
	at org.apache.catalina.core.StandardWrapperValve.invoke(StandardWrapperValve.java:198)
	at org.apache.catalina.core.StandardContextValve.invoke(StandardContextValve.java:96)
	at org.apache.catalina.authenticator.AuthenticatorBase.invoke(AuthenticatorBase.java:496)
	at org.apache.catalina.core.StandardHostValve.invoke(StandardHostValve.java:140)
	at org.apache.catalina.valves.ErrorReportValve.invoke(ErrorReportValve.java:81)
	at org.apache.catalina.core.StandardEngineValve.invoke(StandardEngineValve.java:87)
	at org.apache.catalina.connector.CoyoteAdapter.service(CoyoteAdapter.java:342)
	at org.apache.coyote.http11.Http11Processor.service(Http11Processor.java:803)
	at org.apache.coyote.AbstractProcessorLight.process(AbstractProcessorLight.java:66)
	at org.apache.coyote.AbstractProtocol$ConnectionHandler.process(AbstractProtocol.java:790)
	at org.apache.tomcat.util.net.NioEndpoint$SocketProcessor.doRun(NioEndpoint.java:1468)
	at org.apache.tomcat.util.net.SocketProcessorBase.run(SocketProcessorBase.java:49)
	at java.util.concurrent.ThreadPoolExecutor.runWorker(ThreadPoolExecutor.java:1142)
	at java.util.concurrent.ThreadPoolExecutor$Worker.run(ThreadPoolExecutor.java:617)
	at org.apache.tomcat.util.threads.TaskThread$WrappingRunnable.run(TaskThread.java:61)
	at java.lang.Thread.run(Thread.java:745)
2020-03-24 11:56:08.0315 [http-nio-9898-exec-2] ERROR com.controller.DownLoadController-[Line:102]>[程序错误] java.lang.NullPointerException
at com.controller.DownLoadController.expload(DownLoadController.java:97)
at sun.reflect.NativeMethodAccessorImpl.invoke0(Native Method)
at sun.reflect.NativeMethodAccessorImpl.invoke(NativeMethodAccessorImpl.java:62)
at sun.reflect.DelegatingMethodAccessorImpl.invoke(DelegatingMethodAccessorImpl.java:43)
at java.lang.reflect.Method.invoke(Method.java:483)
at org.springframework.web.method.support.InvocableHandlerMethod.doInvoke(InvocableHandlerMethod.java:209)
at org.springframework.web.method.support.InvocableHandlerMethod.invokeForRequest(InvocableHandlerMethod.java:136)
at org.springframework.web.servlet.mvc.method.annotation.ServletInvocableHandlerMethod.invokeAndHandle(ServletInvocableHandlerMethod.java:102)
at org.springframework.web.servlet.mvc.method.annotation.RequestMappingHandlerAdapter.invokeHandlerMethod(RequestMappingHandlerAdapter.java:877)
at org.springframework.web.servlet.mvc.method.annotation.RequestMappingHandlerAdapter.handleInternal(RequestMappingHandlerAdapter.java:783)
at org.springframework.web.servlet.mvc.method.AbstractHandlerMethodAdapter.handle(AbstractHandlerMethodAdapter.java:87)
at org.springframework.web.servlet.DispatcherServlet.doDispatch(DispatcherServlet.java:991)
at org.springframework.web.servlet.DispatcherServlet.doService(DispatcherServlet.java:925)
at org.springframework.web.servlet.FrameworkServlet.processRequest(FrameworkServlet.java:974)
at org.springframework.web.servlet.FrameworkServlet.doPost(FrameworkServlet.java:877)
at javax.servlet.http.HttpServlet.service(HttpServlet.java:707)
at org.springframework.web.servlet.FrameworkServlet.service(FrameworkServlet.java:851)
at javax.servlet.http.HttpServlet.service(HttpServlet.java:790)
at org.apache.catalina.core.ApplicationFilterChain.internalDoFilter(ApplicationFilterChain.java:231)
at org.apache.catalina.core.ApplicationFilterChain.doFilter(ApplicationFilterChain.java:166)
at org.apache.tomcat.websocket.server.WsFilter.doFilter(WsFilter.java:52)
at org.apache.catalina.core.ApplicationFilterChain.internalDoFilter(ApplicationFilterChain.java:193)
at org.apache.catalina.core.ApplicationFilterChain.doFilter(ApplicationFilterChain.java:166)
at com.alibaba.druid.support.http.WebStatFilter.doFilter(WebStatFilter.java:123)
at org.apache.catalina.core.ApplicationFilterChain.internalDoFilter(ApplicationFilterChain.java:193)
at org.apache.catalina.core.ApplicationFilterChain.doFilter(ApplicationFilterChain.java:166)
at org.springframework.web.filter.RequestContextFilter.doFilterInternal(RequestContextFilter.java:99)
at org.springframework.web.filter.OncePerRequestFilter.doFilter(OncePerRequestFilter.java:107)
at org.apache.catalina.core.ApplicationFilterChain.internalDoFilter(ApplicationFilterChain.java:193)
at org.apache.catalina.core.ApplicationFilterChain.doFilter(ApplicationFilterChain.java:166)
at org.springframework.web.filter.HttpPutFormContentFilter.doFilterInternal(HttpPutFormContentFilter.java:109)
at org.springframework.web.filter.OncePerRequestFilter.doFilter(OncePerRequestFilter.java:107)
at org.apache.catalina.core.ApplicationFilterChain.internalDoFilter(ApplicationFilterChain.java:193)
at org.apache.catalina.core.ApplicationFilterChain.doFilter(ApplicationFilterChain.java:166)
at org.springframework.web.filter.HiddenHttpMethodFilter.doFilterInternal(HiddenHttpMethodFilter.java:81)
at org.springframework.web.filter.OncePerRequestFilter.doFilter(OncePerRequestFilter.java:107)
at org.apache.catalina.core.ApplicationFilterChain.internalDoFilter(ApplicationFilterChain.java:193)
at org.apache.catalina.core.ApplicationFilterChain.doFilter(ApplicationFilterChain.java:166)
at org.springframework.web.filter.CharacterEncodingFilter.doFilterInternal(CharacterEncodingFilter.java:200)
at org.springframework.web.filter.OncePerRequestFilter.doFilter(OncePerRequestFilter.java:107)
at org.apache.catalina.core.ApplicationFilterChain.internalDoFilter(ApplicationFilterChain.java:193)
at org.apache.catalina.core.ApplicationFilterChain.doFilter(ApplicationFilterChain.java:166)
at org.apache.catalina.core.StandardWrapperValve.invoke(StandardWrapperValve.java:198)
at org.apache.catalina.core.StandardContextValve.invoke(StandardContextValve.java:96)
at org.apache.catalina.authenticator.AuthenticatorBase.invoke(AuthenticatorBase.java:496)
at org.apache.catalina.core.StandardHostValve.invoke(StandardHostValve.java:140)
at org.apache.catalina.valves.ErrorReportValve.invoke(ErrorReportValve.java:81)
at org.apache.catalina.core.StandardEngineValve.invoke(StandardEngineValve.java:87)
at org.apache.catalina.connector.CoyoteAdapter.service(CoyoteAdapter.java:342)
at org.apache.coyote.http11.Http11Processor.service(Http11Processor.java:803)
at org.apache.coyote.AbstractProcessorLight.process(AbstractProcessorLight.java:66)
at org.apache.coyote.AbstractProtocol$ConnectionHandler.process(AbstractProtocol.java:790)
at org.apache.tomcat.util.net.NioEndpoint$SocketProcessor.doRun(NioEndpoint.java:1468)
at org.apache.tomcat.util.net.SocketProcessorBase.run(SocketProcessorBase.java:49)
at java.util.concurrent.ThreadPoolExecutor.runWorker(ThreadPoolExecutor.java:1142)
at java.util.concurrent.ThreadPoolExecutor$Worker.run(ThreadPoolExecutor.java:617)
at org.apache.tomcat.util.threads.TaskThread$WrappingRunnable.run(TaskThread.java:61)
at java.lang.Thread.run(Thread.java:745)
threadName:http-nio-9898-exec-2

