2020-03-25 18:07:27.0541 [background-preinit] INFO  o.h.validator.internal.util.Version-[Line:21]>HV000001: Hibernate Validator 6.0.9.Final
2020-03-25 18:07:27.0815 [main] INFO  com.Application-[Line:87]>Starting Application on zjw with PID 9448 (E:\Dal\server\GiftCodeServer\target\classes started by Administrator in E:\Dal\server\GiftCodeServer)
2020-03-25 18:07:27.0816 [main] INFO  com.Application-[Line:87]>No active profile set, falling back to default profiles: default
2020-03-25 18:07:27.0910 [main] INFO  o.s.b.w.s.c.AnnotationConfigServletWebServerApplicationContext-[Line:87]>Refreshing org.springframework.boot.web.servlet.context.AnnotationConfigServletWebServerApplicationContext@7b7fdc8: startup date [Wed Mar 25 18:07:27 CST 2020]; root of context hierarchy
2020-03-25 18:07:31.0404 [main] INFO  o.s.c.s.PostProcessorRegistrationDelegate$BeanPostProcessorChecker-[Line:87]>Bean 'org.springframework.transaction.annotation.ProxyTransactionManagementConfiguration' of type [org.springframework.transaction.annotation.ProxyTransactionManagementConfiguration$$EnhancerBySpringCGLIB$$63c333a0] is not eligible for getting processed by all BeanPostProcessors (for example: not eligible for auto-proxying)
2020-03-25 18:07:31.0627 [main] INFO  o.s.c.s.PostProcessorRegistrationDelegate$BeanPostProcessorChecker-[Line:87]>Bean 'org.springframework.cache.annotation.ProxyCachingConfiguration' of type [org.springframework.cache.annotation.ProxyCachingConfiguration$$EnhancerBySpringCGLIB$$acd569be] is not eligible for getting processed by all BeanPostProcessors (for example: not eligible for auto-proxying)
2020-03-25 18:07:32.0251 [main] INFO  o.s.b.w.e.tomcat.TomcatWebServer-[Line:87]>Tomcat initialized with port(s): 9898 (http)
2020-03-25 18:07:32.0271 [main] INFO  o.a.coyote.http11.Http11NioProtocol-[Line:180]>Initializing ProtocolHandler ["http-nio-9898"]
2020-03-25 18:07:32.0288 [main] INFO  o.a.catalina.core.StandardService-[Line:180]>Starting service [Tomcat]
2020-03-25 18:07:32.0288 [main] INFO  o.a.catalina.core.StandardEngine-[Line:180]>Starting Servlet Engine: Apache Tomcat/8.5.31
2020-03-25 18:07:32.0312 [localhost-startStop-1] INFO  o.a.c.core.AprLifecycleListener-[Line:180]>The APR based Apache Tomcat Native library which allows optimal performance in production environments was not found on the java.library.path: [C:\Program Files\Java\jdk1.8.0_25\bin;C:\Windows\Sun\Java\bin;C:\Windows\system32;C:\Windows;C:\Program Files\Java\jdk1.8.0_25\jre\bin;C:/Program Files/Java/jre1.8.0_25/bin/server;C:/Program Files/Java/jre1.8.0_25/bin;C:/Program Files/Java/jre1.8.0_25/lib/amd64;C:\ProgramData\Oracle\Java\javapath;C:\Windows\system32;C:\Windows;C:\Windows\System32\Wbem;C:\Windows\System32\WindowsPowerShell\v1.0\;C:\Program Files\TortoiseSVN\bin;C:\Program Files\Java\jdk1.8.0_25\bin;E:\mysql\mysql-5.7.10-winx64\bin;E:\Apache\apache-maven-3.6.3\bin\;E:\eclipse\eclipse;;.]
2020-03-25 18:07:32.0456 [localhost-startStop-1] INFO  o.a.c.c.C.[Tomcat].[localhost].[/]-[Line:180]>Initializing Spring embedded WebApplicationContext
2020-03-25 18:07:32.0457 [localhost-startStop-1] INFO  o.s.web.context.ContextLoader-[Line:87]>Root WebApplicationContext: initialization completed in 4547 ms
2020-03-25 18:07:32.0677 [localhost-startStop-1] INFO  o.s.b.w.s.ServletRegistrationBean-[Line:87]>Servlet dispatcherServlet mapped to [/]
2020-03-25 18:07:32.0679 [localhost-startStop-1] INFO  o.s.b.w.s.ServletRegistrationBean-[Line:87]>Servlet statViewServlet mapped to [/druid/*]
2020-03-25 18:07:32.0705 [localhost-startStop-1] INFO  o.s.b.w.s.FilterRegistrationBean-[Line:87]>Mapping filter: 'characterEncodingFilter' to: [/*]
2020-03-25 18:07:32.0706 [localhost-startStop-1] INFO  o.s.b.w.s.FilterRegistrationBean-[Line:87]>Mapping filter: 'hiddenHttpMethodFilter' to: [/*]
2020-03-25 18:07:32.0706 [localhost-startStop-1] INFO  o.s.b.w.s.FilterRegistrationBean-[Line:87]>Mapping filter: 'httpPutFormContentFilter' to: [/*]
2020-03-25 18:07:32.0706 [localhost-startStop-1] INFO  o.s.b.w.s.FilterRegistrationBean-[Line:87]>Mapping filter: 'requestContextFilter' to: [/*]
2020-03-25 18:07:32.0707 [localhost-startStop-1] INFO  o.s.b.w.s.FilterRegistrationBean-[Line:87]>Mapping filter: 'webStatFilter' to urls: [/*]
2020-03-25 18:07:32.0788 [main] INFO  c.a.d.s.b.a.DruidDataSourceAutoConfigure-[Line:56]>Init DruidDataSource
2020-03-25 18:07:32.0968 [main] INFO  c.alibaba.druid.pool.DruidDataSource-[Line:928]>{dataSource-1} inited
2020-03-25 18:07:34.0602 [main] INFO  o.s.o.j.LocalContainerEntityManagerFactoryBean-[Line:87]>Building JPA container EntityManagerFactory for persistence unit 'default'
2020-03-25 18:07:34.0689 [main] INFO  o.h.jpa.internal.util.LogHelper-[Line:31]>HHH000204: Processing PersistenceUnitInfo [
	name: default
	...]
2020-03-25 18:07:34.0934 [main] INFO  org.hibernate.Version-[Line:45]>HHH000412: Hibernate Core {5.2.17.Final}
2020-03-25 18:07:34.0937 [main] INFO  org.hibernate.cfg.Environment-[Line:213]>HHH000206: hibernate.properties not found
2020-03-25 18:07:35.0181 [main] INFO  o.h.annotations.common.Version-[Line:66]>HCANN000001: Hibernate Commons Annotations {5.0.1.Final}
2020-03-25 18:07:35.0417 [main] INFO  org.hibernate.dialect.Dialect-[Line:157]>HHH000400: Using dialect: org.hibernate.dialect.MySQL5Dialect
2020-03-25 18:07:35.0728 [main] WARN  org.hibernate.mapping.RootClass-[Line:285]>HHH000038: Composite-id class does not override equals(): com.enity.chinese.ChineseUse
2020-03-25 18:07:35.0729 [main] WARN  org.hibernate.mapping.RootClass-[Line:288]>HHH000039: Composite-id class does not override hashCode(): com.enity.chinese.ChineseUse
2020-03-25 18:07:35.0731 [main] WARN  org.hibernate.mapping.RootClass-[Line:285]>HHH000038: Composite-id class does not override equals(): com.enity.forever.ForeverUse
2020-03-25 18:07:35.0731 [main] WARN  org.hibernate.mapping.RootClass-[Line:288]>HHH000039: Composite-id class does not override hashCode(): com.enity.forever.ForeverUse
2020-03-25 18:07:37.0216 [main] INFO  o.s.o.j.LocalContainerEntityManagerFactoryBean-[Line:87]>Initialized JPA EntityManagerFactory for persistence unit 'default'
2020-03-25 18:07:40.0494 [main] WARN  o.s.b.a.o.j.JpaBaseConfiguration$JpaWebConfiguration$JpaWebMvcConfiguration-[Line:87]>spring.jpa.open-in-view is enabled by default. Therefore, database queries may be performed during view rendering. Explicitly configure spring.jpa.open-in-view to disable this warning
2020-03-25 18:07:40.0654 [main] INFO  o.s.w.s.m.m.a.RequestMappingHandlerMapping-[Line:87]>Mapped "{[/create/chinese/query],methods=[POST || GET]}" onto public java.lang.String com.controller.ChineseCodeController.findPackage(javax.servlet.http.HttpServletRequest)
2020-03-25 18:07:40.0656 [main] INFO  o.s.w.s.m.m.a.RequestMappingHandlerMapping-[Line:87]>Mapped "{[/create/chinese/code],methods=[POST || GET]}" onto public java.lang.String com.controller.ChineseCodeController.createInvitation(javax.servlet.http.HttpServletRequest)
2020-03-25 18:07:40.0656 [main] INFO  o.s.w.s.m.m.a.RequestMappingHandlerMapping-[Line:87]>Mapped "{[/create/chinese/use/query],methods=[POST || GET]}" onto public java.lang.String com.controller.ChineseCodeController.findChineseCodeUse(javax.servlet.http.HttpServletRequest)
2020-03-25 18:07:40.0657 [main] INFO  o.s.w.s.m.m.a.RequestMappingHandlerMapping-[Line:87]>Mapped "{[/dal/closeGame],methods=[GET]}" onto public void com.controller.CloseServerController.getServerInfo(javax.servlet.http.HttpServletRequest,javax.servlet.http.HttpServletResponse) throws org.apache.http.client.ClientProtocolException,java.io.IOException
2020-03-25 18:07:40.0658 [main] INFO  o.s.w.s.m.m.a.RequestMappingHandlerMapping-[Line:87]>Mapped "{[/count/numOfUses],methods=[POST || GET]}" onto public java.lang.String com.controller.CountCodeController.countBatch(javax.servlet.http.HttpServletRequest)
2020-03-25 18:07:40.0659 [main] INFO  o.s.w.s.m.m.a.RequestMappingHandlerMapping-[Line:87]>Mapped "{[/file/expload],methods=[POST || GET]}" onto public java.lang.String com.controller.DownLoadController.expload(javax.servlet.http.HttpServletRequest,javax.servlet.http.HttpServletResponse) throws java.io.IOException
2020-03-25 18:07:40.0660 [main] INFO  o.s.w.s.m.m.a.RequestMappingHandlerMapping-[Line:87]>Mapped "{[/package/code/create],methods=[POST || GET]}" onto public java.lang.String com.controller.InvitationCodeController.createInvitation(javax.servlet.http.HttpServletRequest)
2020-03-25 18:07:40.0661 [main] INFO  o.s.w.s.m.m.a.RequestMappingHandlerMapping-[Line:87]>Mapped "{[/package/code/query],methods=[POST || GET]}" onto public java.lang.String com.controller.InvitationCodeController.findInvitation(javax.servlet.http.HttpServletRequest)
2020-03-25 18:07:40.0662 [main] INFO  o.s.w.s.m.m.a.RequestMappingHandlerMapping-[Line:87]>Mapped "{[/package/query],methods=[POST || GET]}" onto public java.lang.String com.controller.PackageInfoController.findPackage(javax.servlet.http.HttpServletRequest)
2020-03-25 18:07:40.0662 [main] INFO  o.s.w.s.m.m.a.RequestMappingHandlerMapping-[Line:87]>Mapped "{[/package/create],methods=[POST || GET]}" onto public java.lang.String com.controller.PackageInfoController.createPackage(javax.servlet.http.HttpServletRequest)
2020-03-25 18:07:40.0663 [main] INFO  o.s.w.s.m.m.a.RequestMappingHandlerMapping-[Line:87]>Mapped "{[/package/update],methods=[POST || GET]}" onto public java.lang.String com.controller.PackageInfoController.modifyPackage(javax.servlet.http.HttpServletRequest)
2020-03-25 18:07:40.0663 [main] INFO  o.s.w.s.m.m.a.RequestMappingHandlerMapping-[Line:87]>Mapped "{[/package/find_all],methods=[POST || GET]}" onto public java.lang.String com.controller.PackageInfoController.findAllPackage(javax.servlet.http.HttpServletRequest)
2020-03-25 18:07:40.0663 [main] INFO  o.s.w.s.m.m.a.RequestMappingHandlerMapping-[Line:87]>Mapped "{[/package/delete],methods=[POST || GET]}" onto public java.lang.String com.controller.PackageInfoController.deletePackage(javax.servlet.http.HttpServletRequest)
2020-03-25 18:07:40.0664 [main] INFO  o.s.w.s.m.m.a.RequestMappingHandlerMapping-[Line:87]>Mapped "{[/package/use],methods=[POST || GET]}" onto public java.lang.String com.controller.UseGiftCodeController.useGiftCode(javax.servlet.http.HttpServletRequest) throws java.lang.Throwable
2020-03-25 18:07:40.0665 [main] INFO  o.s.w.s.m.m.a.RequestMappingHandlerMapping-[Line:87]>Mapped "{[/v2/api-docs],methods=[GET]}" onto public org.springframework.http.ResponseEntity<springfox.documentation.spring.web.json.Json> springfox.documentation.swagger2.web.Swagger2Controller.getDocumentation(java.lang.String)
2020-03-25 18:07:40.0670 [main] INFO  o.s.w.s.m.m.a.RequestMappingHandlerMapping-[Line:87]>Mapped "{[/configuration/security]}" onto org.springframework.http.ResponseEntity<springfox.documentation.swagger.web.SecurityConfiguration> springfox.documentation.swagger.web.ApiResourceController.securityConfiguration()
2020-03-25 18:07:40.0670 [main] INFO  o.s.w.s.m.m.a.RequestMappingHandlerMapping-[Line:87]>Mapped "{[/swagger-resources]}" onto org.springframework.http.ResponseEntity<java.util.List<springfox.documentation.swagger.web.SwaggerResource>> springfox.documentation.swagger.web.ApiResourceController.swaggerResources()
2020-03-25 18:07:40.0671 [main] INFO  o.s.w.s.m.m.a.RequestMappingHandlerMapping-[Line:87]>Mapped "{[/configuration/ui]}" onto org.springframework.http.ResponseEntity<springfox.documentation.swagger.web.UiConfiguration> springfox.documentation.swagger.web.ApiResourceController.uiConfiguration()
2020-03-25 18:07:40.0679 [main] INFO  o.s.w.s.m.m.a.RequestMappingHandlerMapping-[Line:87]>Mapped "{[/error]}" onto public org.springframework.http.ResponseEntity<java.util.Map<java.lang.String, java.lang.Object>> org.springframework.boot.autoconfigure.web.servlet.error.BasicErrorController.error(javax.servlet.http.HttpServletRequest)
2020-03-25 18:07:40.0681 [main] INFO  o.s.w.s.m.m.a.RequestMappingHandlerMapping-[Line:87]>Mapped "{[/error],produces=[text/html]}" onto public org.springframework.web.servlet.ModelAndView org.springframework.boot.autoconfigure.web.servlet.error.BasicErrorController.errorHtml(javax.servlet.http.HttpServletRequest,javax.servlet.http.HttpServletResponse)
2020-03-25 18:07:41.0092 [main] INFO  o.s.w.s.h.SimpleUrlHandlerMapping-[Line:87]>Mapped URL path [/**/favicon.ico] onto handler of type [class org.springframework.web.servlet.resource.ResourceHttpRequestHandler]
2020-03-25 18:07:41.0340 [main] INFO  o.s.w.s.m.m.a.RequestMappingHandlerAdapter-[Line:87]>Looking for @ControllerAdvice: org.springframework.boot.web.servlet.context.AnnotationConfigServletWebServerApplicationContext@7b7fdc8: startup date [Wed Mar 25 18:07:27 CST 2020]; root of context hierarchy
2020-03-25 18:07:41.0418 [main] INFO  o.s.w.s.h.SimpleUrlHandlerMapping-[Line:87]>Mapped URL path [/webjars/**] onto handler of type [class org.springframework.web.servlet.resource.ResourceHttpRequestHandler]
2020-03-25 18:07:41.0419 [main] INFO  o.s.w.s.h.SimpleUrlHandlerMapping-[Line:87]>Mapped URL path [/**] onto handler of type [class org.springframework.web.servlet.resource.ResourceHttpRequestHandler]
2020-03-25 18:07:42.0103 [main] INFO  o.s.j.e.a.AnnotationMBeanExporter-[Line:87]>Registering beans for JMX exposure on startup
2020-03-25 18:07:42.0105 [main] INFO  o.s.j.e.a.AnnotationMBeanExporter-[Line:87]>Bean with name 'statFilter' has been autodetected for JMX exposure
2020-03-25 18:07:42.0105 [main] INFO  o.s.j.e.a.AnnotationMBeanExporter-[Line:87]>Bean with name 'dataSource' has been autodetected for JMX exposure
2020-03-25 18:07:42.0112 [main] INFO  o.s.j.e.a.AnnotationMBeanExporter-[Line:87]>Located MBean 'dataSource': registering with JMX server as MBean [com.alibaba.druid.spring.boot.autoconfigure:name=dataSource,type=DruidDataSourceWrapper]
2020-03-25 18:07:42.0114 [main] INFO  o.s.j.e.a.AnnotationMBeanExporter-[Line:87]>Located MBean 'statFilter': registering with JMX server as MBean [com.alibaba.druid.filter.stat:name=statFilter,type=StatFilter]
2020-03-25 18:07:42.0125 [main] INFO  s.d.s.w.p.DocumentationPluginsBootstrapper-[Line:80]>Context refreshed
2020-03-25 18:07:42.0147 [main] INFO  s.d.s.w.p.DocumentationPluginsBootstrapper-[Line:83]>Found {0} custom documentation plugin(s)
2020-03-25 18:07:42.0155 [main] INFO  s.d.s.w.s.ApiListingReferenceScanner-[Line:53]>Scanning for api listing references
2020-03-25 18:07:42.0159 [main] INFO  s.d.s.w.ClassOrApiAnnotationResourceGrouping-[Line:100]>Group for method countBatch was count-code-controller
2020-03-25 18:07:42.0161 [main] INFO  s.d.s.w.s.ApiListingReferenceScanner-[Line:72]>Request mapping: countBatch belongs to groups: [[ResourceGroup{groupName='count-code-controller', position=0, controller=com.controller.CountCodeController}]] 
2020-03-25 18:07:42.0162 [main] INFO  s.d.s.w.ClassOrApiAnnotationResourceGrouping-[Line:100]>Group for method createInvitation was chinese-code-controller
2020-03-25 18:07:42.0162 [main] INFO  s.d.s.w.s.ApiListingReferenceScanner-[Line:72]>Request mapping: createInvitation belongs to groups: [[ResourceGroup{groupName='chinese-code-controller', position=0, controller=com.controller.ChineseCodeController}]] 
2020-03-25 18:07:42.0163 [main] INFO  s.d.s.w.ClassOrApiAnnotationResourceGrouping-[Line:100]>Group for method findPackage was chinese-code-controller
2020-03-25 18:07:42.0163 [main] INFO  s.d.s.w.s.ApiListingReferenceScanner-[Line:72]>Request mapping: findPackage belongs to groups: [[ResourceGroup{groupName='chinese-code-controller', position=0, controller=com.controller.ChineseCodeController}]] 
2020-03-25 18:07:42.0163 [main] INFO  s.d.s.w.ClassOrApiAnnotationResourceGrouping-[Line:100]>Group for method findChineseCodeUse was chinese-code-controller
2020-03-25 18:07:42.0163 [main] INFO  s.d.s.w.s.ApiListingReferenceScanner-[Line:72]>Request mapping: findChineseCodeUse belongs to groups: [[ResourceGroup{groupName='chinese-code-controller', position=0, controller=com.controller.ChineseCodeController}]] 
2020-03-25 18:07:42.0164 [main] INFO  s.d.s.w.ClassOrApiAnnotationResourceGrouping-[Line:100]>Group for method expload was down-load-controller
2020-03-25 18:07:42.0164 [main] INFO  s.d.s.w.s.ApiListingReferenceScanner-[Line:72]>Request mapping: expload belongs to groups: [[ResourceGroup{groupName='down-load-controller', position=0, controller=com.controller.DownLoadController}]] 
2020-03-25 18:07:42.0164 [main] INFO  s.d.s.w.ClassOrApiAnnotationResourceGrouping-[Line:100]>Group for method createInvitation was invitation-code-controller
2020-03-25 18:07:42.0164 [main] INFO  s.d.s.w.s.ApiListingReferenceScanner-[Line:72]>Request mapping: createInvitation belongs to groups: [[ResourceGroup{groupName='invitation-code-controller', position=0, controller=com.controller.InvitationCodeController}]] 
2020-03-25 18:07:42.0164 [main] INFO  s.d.s.w.ClassOrApiAnnotationResourceGrouping-[Line:100]>Group for method findInvitation was invitation-code-controller
2020-03-25 18:07:42.0165 [main] INFO  s.d.s.w.s.ApiListingReferenceScanner-[Line:72]>Request mapping: findInvitation belongs to groups: [[ResourceGroup{groupName='invitation-code-controller', position=0, controller=com.controller.InvitationCodeController}]] 
2020-03-25 18:07:42.0165 [main] INFO  s.d.s.w.ClassOrApiAnnotationResourceGrouping-[Line:100]>Group for method createPackage was package-info-controller
2020-03-25 18:07:42.0165 [main] INFO  s.d.s.w.s.ApiListingReferenceScanner-[Line:72]>Request mapping: createPackage belongs to groups: [[ResourceGroup{groupName='package-info-controller', position=0, controller=com.controller.PackageInfoController}]] 
2020-03-25 18:07:42.0165 [main] INFO  s.d.s.w.ClassOrApiAnnotationResourceGrouping-[Line:100]>Group for method deletePackage was package-info-controller
2020-03-25 18:07:42.0165 [main] INFO  s.d.s.w.s.ApiListingReferenceScanner-[Line:72]>Request mapping: deletePackage belongs to groups: [[ResourceGroup{groupName='package-info-controller', position=0, controller=com.controller.PackageInfoController}]] 
2020-03-25 18:07:42.0166 [main] INFO  s.d.s.w.ClassOrApiAnnotationResourceGrouping-[Line:100]>Group for method findAllPackage was package-info-controller
2020-03-25 18:07:42.0166 [main] INFO  s.d.s.w.s.ApiListingReferenceScanner-[Line:72]>Request mapping: findAllPackage belongs to groups: [[ResourceGroup{groupName='package-info-controller', position=0, controller=com.controller.PackageInfoController}]] 
2020-03-25 18:07:42.0166 [main] INFO  s.d.s.w.ClassOrApiAnnotationResourceGrouping-[Line:100]>Group for method findPackage was package-info-controller
2020-03-25 18:07:42.0166 [main] INFO  s.d.s.w.s.ApiListingReferenceScanner-[Line:72]>Request mapping: findPackage belongs to groups: [[ResourceGroup{groupName='package-info-controller', position=0, controller=com.controller.PackageInfoController}]] 
2020-03-25 18:07:42.0166 [main] INFO  s.d.s.w.ClassOrApiAnnotationResourceGrouping-[Line:100]>Group for method modifyPackage was package-info-controller
2020-03-25 18:07:42.0166 [main] INFO  s.d.s.w.s.ApiListingReferenceScanner-[Line:72]>Request mapping: modifyPackage belongs to groups: [[ResourceGroup{groupName='package-info-controller', position=0, controller=com.controller.PackageInfoController}]] 
2020-03-25 18:07:42.0167 [main] INFO  s.d.s.w.ClassOrApiAnnotationResourceGrouping-[Line:100]>Group for method useGiftCode was use-gift-code-controller
2020-03-25 18:07:42.0167 [main] INFO  s.d.s.w.s.ApiListingReferenceScanner-[Line:72]>Request mapping: useGiftCode belongs to groups: [[ResourceGroup{groupName='use-gift-code-controller', position=0, controller=com.controller.UseGiftCodeController}]] 
2020-03-25 18:07:42.0171 [main] INFO  s.d.s.w.s.ApiListingReferenceScanner-[Line:84]>Created resource listing Path: /default/chinese-code-controller Description: chinese-code-controller Position: 0
2020-03-25 18:07:42.0172 [main] INFO  s.d.s.w.s.ApiListingReferenceScanner-[Line:84]>Created resource listing Path: /default/down-load-controller Description: down-load-controller Position: 0
2020-03-25 18:07:42.0172 [main] INFO  s.d.s.w.s.ApiListingReferenceScanner-[Line:84]>Created resource listing Path: /default/package-info-controller Description: package-info-controller Position: 0
2020-03-25 18:07:42.0173 [main] INFO  s.d.s.w.s.ApiListingReferenceScanner-[Line:84]>Created resource listing Path: /default/invitation-code-controller Description: invitation-code-controller Position: 0
2020-03-25 18:07:42.0173 [main] INFO  s.d.s.w.s.ApiListingReferenceScanner-[Line:84]>Created resource listing Path: /default/use-gift-code-controller Description: use-gift-code-controller Position: 0
2020-03-25 18:07:42.0173 [main] INFO  s.d.s.w.s.ApiListingReferenceScanner-[Line:84]>Created resource listing Path: /default/count-code-controller Description: count-code-controller Position: 0
2020-03-25 18:07:42.0248 [main] INFO  s.d.schema.ModelContextKeyGenerator-[Line:46]>Cache Key Generated: java.lang.String(true)
2020-03-25 18:07:42.0248 [main] INFO  s.d.spring.web.caching.CachingAspect-[Line:79]>Caching aspect applied for cache models with key java.lang.String(true)
2020-03-25 18:07:42.0257 [main] INFO  s.d.schema.ModelContextKeyGenerator-[Line:46]>Cache Key Generated: java.lang.String(true)
2020-03-25 18:07:42.0258 [main] INFO  s.d.spring.web.caching.CachingAspect-[Line:79]>Caching aspect applied for cache modelDependencies with key java.lang.String(true)
2020-03-25 18:07:42.0266 [main] INFO  s.d.s.web.OperationsKeyGenerator-[Line:51]>Cache key generated: /create/chinese/code.com.controller.ChineseCodeController.createInvitation.DefaultGenericTypeNamingStrategy
2020-03-25 18:07:42.0266 [main] INFO  s.d.spring.web.caching.CachingAspect-[Line:68]>Caching aspect applied for cache operations with key /create/chinese/code.com.controller.ChineseCodeController.createInvitation.DefaultGenericTypeNamingStrategy
2020-03-25 18:07:42.0277 [main] INFO  s.d.s.w.ClassOrApiAnnotationResourceGrouping-[Line:100]>Group for method createInvitation was chinese-code-controller
2020-03-25 18:07:42.0294 [main] INFO  s.d.s.w.ClassOrApiAnnotationResourceGrouping-[Line:100]>Group for method createInvitation was chinese-code-controller
2020-03-25 18:07:42.0299 [main] INFO  s.d.s.w.ClassOrApiAnnotationResourceGrouping-[Line:100]>Group for method createInvitation was chinese-code-controller
2020-03-25 18:07:42.0300 [main] INFO  s.d.s.w.ClassOrApiAnnotationResourceGrouping-[Line:100]>Group for method createInvitation was chinese-code-controller
2020-03-25 18:07:42.0305 [main] INFO  s.d.schema.ModelContextKeyGenerator-[Line:46]>Cache Key Generated: java.lang.String(true)
2020-03-25 18:07:42.0305 [main] INFO  s.d.spring.web.caching.CachingAspect-[Line:79]>Caching aspect applied for cache models with key java.lang.String(true)
2020-03-25 18:07:42.0305 [main] INFO  s.d.schema.ModelContextKeyGenerator-[Line:46]>Cache Key Generated: java.lang.String(true)
2020-03-25 18:07:42.0306 [main] INFO  s.d.spring.web.caching.CachingAspect-[Line:79]>Caching aspect applied for cache modelDependencies with key java.lang.String(true)
2020-03-25 18:07:42.0307 [main] INFO  s.d.s.web.OperationsKeyGenerator-[Line:51]>Cache key generated: /create/chinese/use/query.com.controller.ChineseCodeController.findChineseCodeUse.DefaultGenericTypeNamingStrategy
2020-03-25 18:07:42.0307 [main] INFO  s.d.spring.web.caching.CachingAspect-[Line:68]>Caching aspect applied for cache operations with key /create/chinese/use/query.com.controller.ChineseCodeController.findChineseCodeUse.DefaultGenericTypeNamingStrategy
2020-03-25 18:07:42.0309 [main] INFO  s.d.s.w.ClassOrApiAnnotationResourceGrouping-[Line:100]>Group for method findChineseCodeUse was chinese-code-controller
2020-03-25 18:07:42.0311 [main] INFO  s.d.s.w.ClassOrApiAnnotationResourceGrouping-[Line:100]>Group for method findChineseCodeUse was chinese-code-controller
2020-03-25 18:07:42.0312 [main] INFO  s.d.s.w.ClassOrApiAnnotationResourceGrouping-[Line:100]>Group for method findChineseCodeUse was chinese-code-controller
2020-03-25 18:07:42.0313 [main] INFO  s.d.s.w.ClassOrApiAnnotationResourceGrouping-[Line:100]>Group for method findChineseCodeUse was chinese-code-controller
2020-03-25 18:07:42.0314 [main] INFO  s.d.schema.ModelContextKeyGenerator-[Line:46]>Cache Key Generated: java.lang.String(true)
2020-03-25 18:07:42.0314 [main] INFO  s.d.spring.web.caching.CachingAspect-[Line:79]>Caching aspect applied for cache models with key java.lang.String(true)
2020-03-25 18:07:42.0314 [main] INFO  s.d.schema.ModelContextKeyGenerator-[Line:46]>Cache Key Generated: java.lang.String(true)
2020-03-25 18:07:42.0314 [main] INFO  s.d.spring.web.caching.CachingAspect-[Line:79]>Caching aspect applied for cache modelDependencies with key java.lang.String(true)
2020-03-25 18:07:42.0315 [main] INFO  s.d.s.web.OperationsKeyGenerator-[Line:51]>Cache key generated: /create/chinese/query.com.controller.ChineseCodeController.findPackage.DefaultGenericTypeNamingStrategy
2020-03-25 18:07:42.0315 [main] INFO  s.d.spring.web.caching.CachingAspect-[Line:68]>Caching aspect applied for cache operations with key /create/chinese/query.com.controller.ChineseCodeController.findPackage.DefaultGenericTypeNamingStrategy
2020-03-25 18:07:42.0315 [main] INFO  s.d.s.w.ClassOrApiAnnotationResourceGrouping-[Line:100]>Group for method findPackage was chinese-code-controller
2020-03-25 18:07:42.0347 [main] INFO  s.d.s.w.ClassOrApiAnnotationResourceGrouping-[Line:100]>Group for method findPackage was chinese-code-controller
2020-03-25 18:07:42.0350 [main] INFO  s.d.s.w.ClassOrApiAnnotationResourceGrouping-[Line:100]>Group for method findPackage was chinese-code-controller
2020-03-25 18:07:42.0369 [main] INFO  s.d.s.w.ClassOrApiAnnotationResourceGrouping-[Line:100]>Group for method findPackage was chinese-code-controller
2020-03-25 18:07:42.0392 [main] INFO  s.d.schema.ModelContextKeyGenerator-[Line:46]>Cache Key Generated: java.lang.String(true)
2020-03-25 18:07:42.0392 [main] INFO  s.d.spring.web.caching.CachingAspect-[Line:79]>Caching aspect applied for cache models with key java.lang.String(true)
2020-03-25 18:07:42.0393 [main] INFO  s.d.schema.ModelContextKeyGenerator-[Line:46]>Cache Key Generated: java.lang.String(true)
2020-03-25 18:07:42.0393 [main] INFO  s.d.spring.web.caching.CachingAspect-[Line:79]>Caching aspect applied for cache modelDependencies with key java.lang.String(true)
2020-03-25 18:07:42.0393 [main] INFO  s.d.s.web.OperationsKeyGenerator-[Line:51]>Cache key generated: /count/numOfUses.com.controller.CountCodeController.countBatch.DefaultGenericTypeNamingStrategy
2020-03-25 18:07:42.0393 [main] INFO  s.d.spring.web.caching.CachingAspect-[Line:68]>Caching aspect applied for cache operations with key /count/numOfUses.com.controller.CountCodeController.countBatch.DefaultGenericTypeNamingStrategy
2020-03-25 18:07:42.0394 [main] INFO  s.d.s.w.ClassOrApiAnnotationResourceGrouping-[Line:100]>Group for method countBatch was count-code-controller
2020-03-25 18:07:42.0395 [main] INFO  s.d.s.w.ClassOrApiAnnotationResourceGrouping-[Line:100]>Group for method countBatch was count-code-controller
2020-03-25 18:07:42.0395 [main] INFO  s.d.s.w.ClassOrApiAnnotationResourceGrouping-[Line:100]>Group for method countBatch was count-code-controller
2020-03-25 18:07:42.0396 [main] INFO  s.d.s.w.ClassOrApiAnnotationResourceGrouping-[Line:100]>Group for method countBatch was count-code-controller
2020-03-25 18:07:42.0398 [main] INFO  s.d.schema.ModelContextKeyGenerator-[Line:46]>Cache Key Generated: java.lang.String(true)
2020-03-25 18:07:42.0398 [main] INFO  s.d.spring.web.caching.CachingAspect-[Line:79]>Caching aspect applied for cache models with key java.lang.String(true)
2020-03-25 18:07:42.0399 [main] INFO  s.d.schema.ModelContextKeyGenerator-[Line:46]>Cache Key Generated: java.lang.String(true)
2020-03-25 18:07:42.0399 [main] INFO  s.d.spring.web.caching.CachingAspect-[Line:79]>Caching aspect applied for cache modelDependencies with key java.lang.String(true)
2020-03-25 18:07:42.0399 [main] INFO  s.d.s.web.OperationsKeyGenerator-[Line:51]>Cache key generated: /file/expload.com.controller.DownLoadController.expload.DefaultGenericTypeNamingStrategy
2020-03-25 18:07:42.0399 [main] INFO  s.d.spring.web.caching.CachingAspect-[Line:68]>Caching aspect applied for cache operations with key /file/expload.com.controller.DownLoadController.expload.DefaultGenericTypeNamingStrategy
2020-03-25 18:07:42.0400 [main] INFO  s.d.s.w.ClassOrApiAnnotationResourceGrouping-[Line:100]>Group for method expload was down-load-controller
2020-03-25 18:07:42.0402 [main] INFO  s.d.s.w.ClassOrApiAnnotationResourceGrouping-[Line:100]>Group for method expload was down-load-controller
2020-03-25 18:07:42.0403 [main] INFO  s.d.s.w.ClassOrApiAnnotationResourceGrouping-[Line:100]>Group for method expload was down-load-controller
2020-03-25 18:07:42.0404 [main] INFO  s.d.s.w.ClassOrApiAnnotationResourceGrouping-[Line:100]>Group for method expload was down-load-controller
2020-03-25 18:07:42.0406 [main] INFO  s.d.schema.ModelContextKeyGenerator-[Line:46]>Cache Key Generated: java.lang.String(true)
2020-03-25 18:07:42.0406 [main] INFO  s.d.spring.web.caching.CachingAspect-[Line:79]>Caching aspect applied for cache models with key java.lang.String(true)
2020-03-25 18:07:42.0406 [main] INFO  s.d.schema.ModelContextKeyGenerator-[Line:46]>Cache Key Generated: java.lang.String(true)
2020-03-25 18:07:42.0406 [main] INFO  s.d.spring.web.caching.CachingAspect-[Line:79]>Caching aspect applied for cache modelDependencies with key java.lang.String(true)
2020-03-25 18:07:42.0410 [main] INFO  s.d.s.web.OperationsKeyGenerator-[Line:51]>Cache key generated: /package/code/create.com.controller.InvitationCodeController.createInvitation.DefaultGenericTypeNamingStrategy
2020-03-25 18:07:42.0410 [main] INFO  s.d.spring.web.caching.CachingAspect-[Line:68]>Caching aspect applied for cache operations with key /package/code/create.com.controller.InvitationCodeController.createInvitation.DefaultGenericTypeNamingStrategy
2020-03-25 18:07:42.0413 [main] INFO  s.d.s.w.ClassOrApiAnnotationResourceGrouping-[Line:100]>Group for method createInvitation was invitation-code-controller
2020-03-25 18:07:42.0414 [main] INFO  s.d.s.w.ClassOrApiAnnotationResourceGrouping-[Line:100]>Group for method createInvitation was invitation-code-controller
2020-03-25 18:07:42.0415 [main] INFO  s.d.s.w.r.o.CachingOperationNameGenerator-[Line:40]>Generating unique operation named: createInvitationUsingPOST_1
2020-03-25 18:07:42.0416 [main] INFO  s.d.s.w.ClassOrApiAnnotationResourceGrouping-[Line:100]>Group for method createInvitation was invitation-code-controller
2020-03-25 18:07:42.0418 [main] INFO  s.d.s.w.ClassOrApiAnnotationResourceGrouping-[Line:100]>Group for method createInvitation was invitation-code-controller
2020-03-25 18:07:42.0419 [main] INFO  s.d.s.w.r.o.CachingOperationNameGenerator-[Line:40]>Generating unique operation named: createInvitationUsingGET_1
2020-03-25 18:07:42.0422 [main] INFO  s.d.schema.ModelContextKeyGenerator-[Line:46]>Cache Key Generated: java.lang.String(true)
2020-03-25 18:07:42.0422 [main] INFO  s.d.spring.web.caching.CachingAspect-[Line:79]>Caching aspect applied for cache models with key java.lang.String(true)
2020-03-25 18:07:42.0422 [main] INFO  s.d.schema.ModelContextKeyGenerator-[Line:46]>Cache Key Generated: java.lang.String(true)
2020-03-25 18:07:42.0422 [main] INFO  s.d.spring.web.caching.CachingAspect-[Line:79]>Caching aspect applied for cache modelDependencies with key java.lang.String(true)
2020-03-25 18:07:42.0423 [main] INFO  s.d.s.web.OperationsKeyGenerator-[Line:51]>Cache key generated: /package/code/query.com.controller.InvitationCodeController.findInvitation.DefaultGenericTypeNamingStrategy
2020-03-25 18:07:42.0423 [main] INFO  s.d.spring.web.caching.CachingAspect-[Line:68]>Caching aspect applied for cache operations with key /package/code/query.com.controller.InvitationCodeController.findInvitation.DefaultGenericTypeNamingStrategy
2020-03-25 18:07:42.0423 [main] INFO  s.d.s.w.ClassOrApiAnnotationResourceGrouping-[Line:100]>Group for method findInvitation was invitation-code-controller
2020-03-25 18:07:42.0426 [main] INFO  s.d.s.w.ClassOrApiAnnotationResourceGrouping-[Line:100]>Group for method findInvitation was invitation-code-controller
2020-03-25 18:07:42.0428 [main] INFO  s.d.s.w.ClassOrApiAnnotationResourceGrouping-[Line:100]>Group for method findInvitation was invitation-code-controller
2020-03-25 18:07:42.0429 [main] INFO  s.d.s.w.ClassOrApiAnnotationResourceGrouping-[Line:100]>Group for method findInvitation was invitation-code-controller
2020-03-25 18:07:42.0431 [main] INFO  s.d.schema.ModelContextKeyGenerator-[Line:46]>Cache Key Generated: java.lang.String(true)
2020-03-25 18:07:42.0433 [main] INFO  s.d.spring.web.caching.CachingAspect-[Line:79]>Caching aspect applied for cache models with key java.lang.String(true)
2020-03-25 18:07:42.0434 [main] INFO  s.d.schema.ModelContextKeyGenerator-[Line:46]>Cache Key Generated: java.lang.String(true)
2020-03-25 18:07:42.0434 [main] INFO  s.d.spring.web.caching.CachingAspect-[Line:79]>Caching aspect applied for cache modelDependencies with key java.lang.String(true)
2020-03-25 18:07:42.0435 [main] INFO  s.d.s.web.OperationsKeyGenerator-[Line:51]>Cache key generated: /package/create.com.controller.PackageInfoController.createPackage.DefaultGenericTypeNamingStrategy
2020-03-25 18:07:42.0435 [main] INFO  s.d.spring.web.caching.CachingAspect-[Line:68]>Caching aspect applied for cache operations with key /package/create.com.controller.PackageInfoController.createPackage.DefaultGenericTypeNamingStrategy
2020-03-25 18:07:42.0436 [main] INFO  s.d.s.w.ClassOrApiAnnotationResourceGrouping-[Line:100]>Group for method createPackage was package-info-controller
2020-03-25 18:07:42.0437 [main] INFO  s.d.s.w.ClassOrApiAnnotationResourceGrouping-[Line:100]>Group for method createPackage was package-info-controller
2020-03-25 18:07:42.0438 [main] INFO  s.d.s.w.ClassOrApiAnnotationResourceGrouping-[Line:100]>Group for method createPackage was package-info-controller
2020-03-25 18:07:42.0439 [main] INFO  s.d.s.w.ClassOrApiAnnotationResourceGrouping-[Line:100]>Group for method createPackage was package-info-controller
2020-03-25 18:07:42.0440 [main] INFO  s.d.schema.ModelContextKeyGenerator-[Line:46]>Cache Key Generated: java.lang.String(true)
2020-03-25 18:07:42.0443 [main] INFO  s.d.spring.web.caching.CachingAspect-[Line:79]>Caching aspect applied for cache models with key java.lang.String(true)
2020-03-25 18:07:42.0443 [main] INFO  s.d.schema.ModelContextKeyGenerator-[Line:46]>Cache Key Generated: java.lang.String(true)
2020-03-25 18:07:42.0443 [main] INFO  s.d.spring.web.caching.CachingAspect-[Line:79]>Caching aspect applied for cache modelDependencies with key java.lang.String(true)
2020-03-25 18:07:42.0443 [main] INFO  s.d.s.web.OperationsKeyGenerator-[Line:51]>Cache key generated: /package/delete.com.controller.PackageInfoController.deletePackage.DefaultGenericTypeNamingStrategy
2020-03-25 18:07:42.0443 [main] INFO  s.d.spring.web.caching.CachingAspect-[Line:68]>Caching aspect applied for cache operations with key /package/delete.com.controller.PackageInfoController.deletePackage.DefaultGenericTypeNamingStrategy
2020-03-25 18:07:42.0444 [main] INFO  s.d.s.w.ClassOrApiAnnotationResourceGrouping-[Line:100]>Group for method deletePackage was package-info-controller
2020-03-25 18:07:42.0454 [main] INFO  s.d.s.w.ClassOrApiAnnotationResourceGrouping-[Line:100]>Group for method deletePackage was package-info-controller
2020-03-25 18:07:42.0455 [main] INFO  s.d.s.w.ClassOrApiAnnotationResourceGrouping-[Line:100]>Group for method deletePackage was package-info-controller
2020-03-25 18:07:42.0455 [main] INFO  s.d.s.w.ClassOrApiAnnotationResourceGrouping-[Line:100]>Group for method deletePackage was package-info-controller
2020-03-25 18:07:42.0456 [main] INFO  s.d.schema.ModelContextKeyGenerator-[Line:46]>Cache Key Generated: java.lang.String(true)
2020-03-25 18:07:42.0457 [main] INFO  s.d.spring.web.caching.CachingAspect-[Line:79]>Caching aspect applied for cache models with key java.lang.String(true)
2020-03-25 18:07:42.0457 [main] INFO  s.d.schema.ModelContextKeyGenerator-[Line:46]>Cache Key Generated: java.lang.String(true)
2020-03-25 18:07:42.0457 [main] INFO  s.d.spring.web.caching.CachingAspect-[Line:79]>Caching aspect applied for cache modelDependencies with key java.lang.String(true)
2020-03-25 18:07:42.0457 [main] INFO  s.d.s.web.OperationsKeyGenerator-[Line:51]>Cache key generated: /package/find_all.com.controller.PackageInfoController.findAllPackage.DefaultGenericTypeNamingStrategy
2020-03-25 18:07:42.0457 [main] INFO  s.d.spring.web.caching.CachingAspect-[Line:68]>Caching aspect applied for cache operations with key /package/find_all.com.controller.PackageInfoController.findAllPackage.DefaultGenericTypeNamingStrategy
2020-03-25 18:07:42.0458 [main] INFO  s.d.s.w.ClassOrApiAnnotationResourceGrouping-[Line:100]>Group for method findAllPackage was package-info-controller
2020-03-25 18:07:42.0459 [main] INFO  s.d.s.w.ClassOrApiAnnotationResourceGrouping-[Line:100]>Group for method findAllPackage was package-info-controller
2020-03-25 18:07:42.0460 [main] INFO  s.d.s.w.ClassOrApiAnnotationResourceGrouping-[Line:100]>Group for method findAllPackage was package-info-controller
2020-03-25 18:07:42.0460 [main] INFO  s.d.s.w.ClassOrApiAnnotationResourceGrouping-[Line:100]>Group for method findAllPackage was package-info-controller
2020-03-25 18:07:42.0461 [main] INFO  s.d.schema.ModelContextKeyGenerator-[Line:46]>Cache Key Generated: java.lang.String(true)
2020-03-25 18:07:42.0461 [main] INFO  s.d.spring.web.caching.CachingAspect-[Line:79]>Caching aspect applied for cache models with key java.lang.String(true)
2020-03-25 18:07:42.0462 [main] INFO  s.d.schema.ModelContextKeyGenerator-[Line:46]>Cache Key Generated: java.lang.String(true)
2020-03-25 18:07:42.0462 [main] INFO  s.d.spring.web.caching.CachingAspect-[Line:79]>Caching aspect applied for cache modelDependencies with key java.lang.String(true)
2020-03-25 18:07:42.0462 [main] INFO  s.d.s.web.OperationsKeyGenerator-[Line:51]>Cache key generated: /package/query.com.controller.PackageInfoController.findPackage.DefaultGenericTypeNamingStrategy
2020-03-25 18:07:42.0462 [main] INFO  s.d.spring.web.caching.CachingAspect-[Line:68]>Caching aspect applied for cache operations with key /package/query.com.controller.PackageInfoController.findPackage.DefaultGenericTypeNamingStrategy
2020-03-25 18:07:42.0463 [main] INFO  s.d.s.w.ClassOrApiAnnotationResourceGrouping-[Line:100]>Group for method findPackage was package-info-controller
2020-03-25 18:07:42.0463 [main] INFO  s.d.s.w.ClassOrApiAnnotationResourceGrouping-[Line:100]>Group for method findPackage was package-info-controller
2020-03-25 18:07:42.0464 [main] INFO  s.d.s.w.r.o.CachingOperationNameGenerator-[Line:40]>Generating unique operation named: findPackageUsingPOST_1
2020-03-25 18:07:42.0464 [main] INFO  s.d.s.w.ClassOrApiAnnotationResourceGrouping-[Line:100]>Group for method findPackage was package-info-controller
2020-03-25 18:07:42.0465 [main] INFO  s.d.s.w.ClassOrApiAnnotationResourceGrouping-[Line:100]>Group for method findPackage was package-info-controller
2020-03-25 18:07:42.0465 [main] INFO  s.d.s.w.r.o.CachingOperationNameGenerator-[Line:40]>Generating unique operation named: findPackageUsingGET_1
2020-03-25 18:07:42.0466 [main] INFO  s.d.schema.ModelContextKeyGenerator-[Line:46]>Cache Key Generated: java.lang.String(true)
2020-03-25 18:07:42.0466 [main] INFO  s.d.spring.web.caching.CachingAspect-[Line:79]>Caching aspect applied for cache models with key java.lang.String(true)
2020-03-25 18:07:42.0485 [main] INFO  s.d.schema.ModelContextKeyGenerator-[Line:46]>Cache Key Generated: java.lang.String(true)
2020-03-25 18:07:42.0485 [main] INFO  s.d.spring.web.caching.CachingAspect-[Line:79]>Caching aspect applied for cache modelDependencies with key java.lang.String(true)
2020-03-25 18:07:42.0493 [main] INFO  s.d.s.web.OperationsKeyGenerator-[Line:51]>Cache key generated: /package/update.com.controller.PackageInfoController.modifyPackage.DefaultGenericTypeNamingStrategy
2020-03-25 18:07:42.0493 [main] INFO  s.d.spring.web.caching.CachingAspect-[Line:68]>Caching aspect applied for cache operations with key /package/update.com.controller.PackageInfoController.modifyPackage.DefaultGenericTypeNamingStrategy
2020-03-25 18:07:42.0494 [main] INFO  s.d.s.w.ClassOrApiAnnotationResourceGrouping-[Line:100]>Group for method modifyPackage was package-info-controller
2020-03-25 18:07:42.0494 [main] INFO  s.d.s.w.ClassOrApiAnnotationResourceGrouping-[Line:100]>Group for method modifyPackage was package-info-controller
2020-03-25 18:07:42.0507 [main] INFO  s.d.s.w.ClassOrApiAnnotationResourceGrouping-[Line:100]>Group for method modifyPackage was package-info-controller
2020-03-25 18:07:42.0513 [main] INFO  s.d.s.w.ClassOrApiAnnotationResourceGrouping-[Line:100]>Group for method modifyPackage was package-info-controller
2020-03-25 18:07:42.0515 [main] INFO  s.d.schema.ModelContextKeyGenerator-[Line:46]>Cache Key Generated: java.lang.String(true)
2020-03-25 18:07:42.0515 [main] INFO  s.d.spring.web.caching.CachingAspect-[Line:79]>Caching aspect applied for cache models with key java.lang.String(true)
2020-03-25 18:07:42.0516 [main] INFO  s.d.schema.ModelContextKeyGenerator-[Line:46]>Cache Key Generated: java.lang.String(true)
2020-03-25 18:07:42.0516 [main] INFO  s.d.spring.web.caching.CachingAspect-[Line:79]>Caching aspect applied for cache modelDependencies with key java.lang.String(true)
2020-03-25 18:07:42.0516 [main] INFO  s.d.s.web.OperationsKeyGenerator-[Line:51]>Cache key generated: /package/use.com.controller.UseGiftCodeController.useGiftCode.DefaultGenericTypeNamingStrategy
2020-03-25 18:07:42.0516 [main] INFO  s.d.spring.web.caching.CachingAspect-[Line:68]>Caching aspect applied for cache operations with key /package/use.com.controller.UseGiftCodeController.useGiftCode.DefaultGenericTypeNamingStrategy
2020-03-25 18:07:42.0518 [main] INFO  s.d.s.w.ClassOrApiAnnotationResourceGrouping-[Line:100]>Group for method useGiftCode was use-gift-code-controller
2020-03-25 18:07:42.0521 [main] INFO  s.d.s.w.ClassOrApiAnnotationResourceGrouping-[Line:100]>Group for method useGiftCode was use-gift-code-controller
2020-03-25 18:07:42.0524 [main] INFO  s.d.s.w.ClassOrApiAnnotationResourceGrouping-[Line:100]>Group for method useGiftCode was use-gift-code-controller
2020-03-25 18:07:42.0526 [main] INFO  s.d.s.w.ClassOrApiAnnotationResourceGrouping-[Line:100]>Group for method useGiftCode was use-gift-code-controller
2020-03-25 18:07:42.0577 [main] INFO  o.a.coyote.http11.Http11NioProtocol-[Line:180]>Starting ProtocolHandler ["http-nio-9898"]
2020-03-25 18:07:42.0595 [main] INFO  o.a.tomcat.util.net.NioSelectorPool-[Line:180]>Using a shared selector for servlet write/read
2020-03-25 18:07:42.0655 [main] INFO  o.s.b.w.e.tomcat.TomcatWebServer-[Line:87]>Tomcat started on port(s): 9898 (http) with context path ''
2020-03-25 18:07:42.0658 [main] INFO  com.Application-[Line:87]>Started Application in 15.784 seconds (JVM running for 16.923)
2020-03-25 18:07:42.0745 [main] INFO  o.h.h.i.QueryTranslatorFactoryInitiator-[Line:47]>HHH000397: Using ASTQueryTranslatorFactory
2020-03-25 18:07:43.0536 [main] INFO  com.Application-[Line:24]>server start success,Wed Mar 25 18:07:43 CST 2020
